\BOOKMARK [0][-]{section*.1}{\376\377\000U\000r\000h\000e\000b\000e\000r\000r\000e\000c\000h\000t\000l\000i\000c\000h\000e\000\040\000E\000r\000k\000l\000\344\000r\000u\000n\000g}{}% 1
\BOOKMARK [0][-]{section*.2}{\376\377\000A\000b\000s\000t\000r\000a\000c\000t}{}% 2
\BOOKMARK [0][-]{section*.3}{\376\377\000A\000c\000k\000n\000o\000w\000l\000e\000d\000g\000e\000m\000e\000n\000t\000s}{}% 3
\BOOKMARK [0][-]{chapter.5}{\376\377\000P\000r\000e\000l\000i\000m\000i\000n\000a\000r\000i\000e\000s}{}% 4
\BOOKMARK [1][-]{section.6}{\376\377\000S\000i\000m\000p\000l\000i\000c\000i\000a\000l\000\040\000c\000o\000m\000p\000l\000e\000x\000e\000s}{chapter.5}% 5
\BOOKMARK [1][-]{section.7}{\376\377\000C\000h\000a\000i\000n\000-\000\040\000/\000\040\000C\000o\000c\000h\000a\000i\000n\000\040\000c\000o\000m\000p\000l\000e\000x\000e\000s\000\040\000\046\000\040\000H\000o\000m\000o\000l\000o\000g\000y\000\040\000/\000\040\000C\000o\000h\000o\000m\000o\000l\000o\000g\000y}{chapter.5}% 6
\BOOKMARK [1][-]{section.8}{\376\377\000G\000r\000a\000p\000h\000s\000\040\000\046\000\040\000H\000y\000p\000e\000r\000g\000r\000a\000p\000h\000s}{chapter.5}% 7
\BOOKMARK [0][-]{chapter.9}{\376\377\000I\000n\000t\000r\000o\000d\000u\000c\000t\000i\000o\000n}{}% 8
\BOOKMARK [0][-]{chapter.11}{\376\377\000H\000i\000g\000h\000-\000d\000i\000m\000e\000n\000s\000i\000o\000n\000a\000l\000\040\000c\000o\000s\000y\000s\000t\000o\000l\000e\000s\000\040\000a\000n\000d\000\040\000C\000h\000e\000e\000g\000e\000r\000\040\000c\000o\000n\000s\000t\000a\000n\000t\000s}{}% 9
\BOOKMARK [1][-]{section.12}{\376\377\000P\000i\000e\000r\000c\000i\000n\000g\000\040\000s\000e\000t\000s\000\040\000a\000n\000d\000\040\000t\000h\000e\000\040\000c\000y\000c\000l\000e\000\040\000d\000e\000t\000e\000c\000t\000i\000o\000n\000\040\000t\000h\000e\000o\000r\000e\000m}{chapter.11}% 10
\BOOKMARK [1][-]{section.23}{\376\377\000P\000i\000e\000r\000c\000i\000n\000g\000\040\000c\000o\000m\000p\000l\000e\000x\000e\000s}{chapter.11}% 11
\BOOKMARK [1][-]{section.32}{\376\377\000L\000a\000r\000g\000e\000\040\000c\000o\000s\000y\000s\000t\000o\000l\000e\000s\000\040\000o\000f\000\040\000a\000\040\000s\000i\000m\000p\000l\000e\000x}{chapter.11}% 12
\BOOKMARK [1][-]{section.42}{\376\377\000E\000m\000b\000e\000d\000d\000i\000n\000g\000s\000\040\000o\000f\000\040\000c\000o\000s\000y\000s\000t\000o\000l\000e\000s}{chapter.11}% 13
\BOOKMARK [1][-]{section.45}{\376\377\000O\000n\000\040\000C\000h\000e\000e\000g\000e\000r\000\040\000c\000o\000s\000y\000s\000t\000o\000l\000e\000s\000\040\000w\000h\000e\000n\000\040\000k\000+\0002\000\040\000d\000o\000e\000s\000\040\000n\000o\000t\000\040\000d\000e\000v\000i\000d\000e\000\040\000n}{chapter.11}% 14
\BOOKMARK [0][-]{chapter.47}{\376\377\000C\000u\000t\000-\000m\000i\000n\000i\000m\000a\000l\000\040\000g\000r\000a\000p\000h\000s\000\040\000a\000n\000d\000\040\000C\000h\000e\000e\000g\000e\000r\000\040\000g\000r\000a\000p\000h\000s\000\040\000o\000f\000\040\000a\000\040\000s\000i\000m\000p\000l\000e\000x}{}% 15
\BOOKMARK [1][-]{section.48}{\376\377\000C\000u\000t\000-\000m\000i\000n\000i\000m\000a\000l\000\040\000g\000r\000a\000p\000h\000s}{chapter.47}% 16
\BOOKMARK [2][-]{subsection.49}{\376\377\000B\000a\000s\000i\000c\000\040\000d\000e\000f\000i\000n\000i\000t\000i\000o\000n\000s\000\040\000a\000n\000d\000\040\000p\000r\000o\000p\000e\000r\000t\000i\000e\000s}{section.48}% 17
\BOOKMARK [2][-]{subsection.54}{\376\377\000M\000a\000x\000i\000m\000a\000l\000\040\000c\000u\000t\000-\000m\000i\000n\000i\000m\000a\000l\000\040\000g\000r\000a\000p\000h\000s}{section.48}% 18
\BOOKMARK [1][-]{section.70}{\376\377\000C\000h\000e\000e\000g\000e\000r\000\040\000g\000r\000a\000p\000h\000s}{chapter.47}% 19
\BOOKMARK [2][-]{subsection.71}{\376\377\000B\000a\000s\000i\000c\000\040\000d\000e\000f\000i\000n\000i\000t\000i\000o\000n\000s\000\040\000a\000n\000d\000\040\000p\000r\000o\000p\000e\000r\000t\000i\000e\000s}{section.70}% 20
\BOOKMARK [2][-]{subsection.75}{\376\377\000A\000\040\000r\000e\000s\000t\000r\000i\000c\000t\000i\000o\000n\000\040\000o\000n\000\040\000t\000h\000e\000\040\000s\000i\000z\000e\000\040\000o\000f\000\040\000c\000o\000n\000n\000e\000c\000t\000e\000d\000\040\000c\000o\000m\000p\000o\000n\000e\000n\000t\000s\000\040\000i\000n\000\040\000C\000h\000e\000e\000g\000e\000r\000\040\000g\000r\000a\000p\000h\000s}{section.70}% 21
\BOOKMARK [2][-]{subsection.77}{\376\377\000E\000m\000b\000e\000d\000d\000i\000n\000g\000s\000\040\000o\000f\000\040\000C\000h\000e\000e\000g\000e\000r\000\040\000g\000r\000a\000p\000h\000s}{section.70}% 22
\BOOKMARK [2][-]{subsection.82}{\376\377\000T\000h\000e\000\040\000c\000a\000s\000e\000\040\000w\000h\000e\000n\000\040\000n\000\040\000i\000s\000\040\000a\000\040\000p\000o\000w\000e\000r\000\040\000o\000f\000\040\0002}{section.70}% 23
\BOOKMARK [0][-]{chapter.88}{\376\377\000A\000\040\000t\000h\000e\000o\000r\000e\000m\000\040\000a\000b\000o\000u\000t\000\040\000p\000a\000r\000t\000i\000t\000i\000o\000n\000i\000n\000g\000\040\000c\000o\000n\000s\000e\000c\000u\000t\000i\000v\000e\000\040\000n\000u\000m\000b\000e\000r\000s}{}% 24
\BOOKMARK [1][-]{section.89}{\376\377\000P\000r\000e\000l\000i\000m\000i\000n\000a\000r\000i\000e\000s}{chapter.88}% 25
\BOOKMARK [1][-]{section.94}{\376\377\000T\000h\000e\000\040\000m\000a\000i\000n\000\040\000t\000h\000e\000o\000r\000e\000m}{chapter.88}% 26
\BOOKMARK [0][-]{chapter.97}{\376\377\000P\000e\000r\000s\000p\000e\000c\000t\000i\000v\000e\000s}{}% 27
\BOOKMARK [1][-]{section.98}{\376\377\000A\000p\000p\000l\000y\000i\000n\000g\000\040\000t\000h\000e\000\040\000c\000y\000c\000l\000e\000\040\000d\000e\000t\000e\000c\000t\000i\000o\000n\000\040\000t\000h\000e\000o\000r\000e\000m}{chapter.97}% 28
\BOOKMARK [1][-]{section.100}{\376\377\000F\000i\000n\000d\000\040\000m\000a\000x\000i\000m\000a\000l\000\040\000c\000o\000s\000y\000s\000t\000o\000l\000e\000s\000\040\000o\000f\000\040\000a\000\040\000s\000i\000m\000p\000l\000e\000x}{chapter.97}% 29
\BOOKMARK [1][-]{section.101}{\376\377\000T\000h\000e\000\040\000s\000h\000a\000p\000e\000\040\000o\000f\000\040\000C\000h\000e\000e\000g\000e\000r\000\040\000g\000r\000a\000p\000h\000s\000\040\000i\000f\000\040\000n\000\040\000i\000s\000\040\000a\000\040\000p\000o\000w\000e\000r\000\040\000o\000f\000\040\0002}{chapter.97}% 30
\BOOKMARK [1][-]{section.102}{\376\377\000T\000h\000e\000\040\000s\000h\000a\000p\000e\000\040\000o\000f\000\040\000C\000h\000e\000e\000g\000e\000r\000\040\000c\000o\000s\000y\000s\000t\000o\000l\000e\000s\000\040\000i\000n\000\040\000g\000e\000n\000e\000r\000a\000l}{chapter.97}% 31
\BOOKMARK [1][-]{section.103}{\376\377\000C\000h\000e\000e\000g\000e\000r\000\040\000c\000o\000n\000s\000t\000a\000n\000t\000s\000\040\000f\000o\000r\000\040\000o\000t\000h\000e\000r\000\040\000c\000o\000m\000p\000l\000e\000x\000e\000s}{chapter.97}% 32
\BOOKMARK [1][-]{section.104}{\376\377\000P\000r\000o\000b\000a\000b\000i\000l\000i\000s\000t\000i\000c\000\040\000a\000p\000p\000r\000o\000a\000c\000h\000e\000s}{chapter.97}% 33
