This is pdfTeX, Version 3.14159265-2.6-1.40.20 (MiKTeX 2.9.6960 64-bit) (preloaded format=pdflatex 2019.2.22)  26 MAR 2019 10:05
entering extended mode
**./main.tex
(main.tex
LaTeX2e <2018-12-01>
(MastersDoctoralThesis.cls
Document Class: MastersDoctoralThesis 2017/08/27 v1.6 LaTeXTemplates.com

("C:\Users\Kai Renken\AppData\Roaming\MiKTeX\2.9\tex/latex/etoolbox\etoolbox.st
y"
Package: etoolbox 2018/08/19 v2.5f e-TeX tools for LaTeX (JAW)
\etb@tempcnta=\count80
)
("C:\Users\Kai Renken\AppData\Roaming\MiKTeX\2.9\tex/latex/l3packages/xparse\xp
arse.sty"
("C:\Users\Kai Renken\AppData\Roaming\MiKTeX\2.9\tex/latex/l3kernel\expl3.sty"
Package: expl3 2019-02-15 L3 programming layer (loader) 

("C:\Users\Kai Renken\AppData\Roaming\MiKTeX\2.9\tex/latex/l3kernel\expl3-code.
tex"
Package: expl3 2019-02-15 L3 programming layer (code)
\c_max_int=\count81
\l_tmpa_int=\count82
\l_tmpb_int=\count83
\g_tmpa_int=\count84
\g_tmpb_int=\count85
\g__kernel_prg_map_int=\count86
\c_log_iow=\count87
\l_iow_line_count_int=\count88
\l__iow_line_target_int=\count89
\l__iow_one_indent_int=\count90
\l__iow_indent_int=\count91
\c_zero_dim=\dimen102
\c_max_dim=\dimen103
\l_tmpa_dim=\dimen104
\l_tmpb_dim=\dimen105
\g_tmpa_dim=\dimen106
\g_tmpb_dim=\dimen107
\c_zero_skip=\skip41
\c_max_skip=\skip42
\l_tmpa_skip=\skip43
\l_tmpb_skip=\skip44
\g_tmpa_skip=\skip45
\g_tmpb_skip=\skip46
\c_zero_muskip=\muskip10
\c_max_muskip=\muskip11
\l_tmpa_muskip=\muskip12
\l_tmpb_muskip=\muskip13
\g_tmpa_muskip=\muskip14
\g_tmpb_muskip=\muskip15
\l_keys_choice_int=\count92
\l__intarray_loop_int=\count93
\c__intarray_sp_dim=\dimen108
\g__intarray_font_int=\count94
\c__fp_leading_shift_int=\count95
\c__fp_middle_shift_int=\count96
\c__fp_trailing_shift_int=\count97
\c__fp_big_leading_shift_int=\count98
\c__fp_big_middle_shift_int=\count99
\c__fp_big_trailing_shift_int=\count100
\c__fp_Bigg_leading_shift_int=\count101
\c__fp_Bigg_middle_shift_int=\count102
\c__fp_Bigg_trailing_shift_int=\count103
\c__kernel_randint_max_int=\count104
\g__fp_array_int=\count105
\l__fp_array_loop_int=\count106
\l__sort_length_int=\count107
\l__sort_min_int=\count108
\l__sort_top_int=\count109
\l__sort_max_int=\count110
\l__sort_true_max_int=\count111
\l__sort_block_int=\count112
\l__sort_begin_int=\count113
\l__sort_end_int=\count114
\l__sort_A_int=\count115
\l__sort_B_int=\count116
\l__sort_C_int=\count117
\l__tl_analysis_normal_int=\count118
\l__tl_analysis_index_int=\count119
\l__tl_analysis_nesting_int=\count120
\l__tl_analysis_type_int=\count121
\l__regex_internal_a_int=\count122
\l__regex_internal_b_int=\count123
\l__regex_internal_c_int=\count124
\l__regex_balance_int=\count125
\l__regex_group_level_int=\count126
\l__regex_mode_int=\count127
\c__regex_cs_in_class_mode_int=\count128
\c__regex_cs_mode_int=\count129
\l__regex_catcodes_int=\count130
\l__regex_default_catcodes_int=\count131
\c__regex_catcode_D_int=\count132
\c__regex_catcode_S_int=\count133
\c__regex_catcode_L_int=\count134
\c__regex_catcode_O_int=\count135
\c__regex_catcode_A_int=\count136
\c__regex_all_catcodes_int=\count137
\l__regex_show_lines_int=\count138
\l__regex_min_state_int=\count139
\l__regex_max_state_int=\count140
\l__regex_left_state_int=\count141
\l__regex_right_state_int=\count142
\l__regex_capturing_group_int=\count143
\l__regex_min_pos_int=\count144
\l__regex_max_pos_int=\count145
\l__regex_curr_pos_int=\count146
\l__regex_start_pos_int=\count147
\l__regex_success_pos_int=\count148
\l__regex_curr_char_int=\count149
\l__regex_curr_catcode_int=\count150
\l__regex_last_char_int=\count151
\l__regex_case_changed_char_int=\count152
\l__regex_curr_state_int=\count153
\l__regex_step_int=\count154
\l__regex_min_active_int=\count155
\l__regex_max_active_int=\count156
\l__regex_replacement_csnames_int=\count157
\l__regex_match_count_int=\count158
\l__regex_min_submatch_int=\count159
\l__regex_submatch_int=\count160
\l__regex_zeroth_submatch_int=\count161
\g__regex_trace_regex_int=\count162
\c_empty_box=\box27
\l_tmpa_box=\box28
\l_tmpb_box=\box29
\g_tmpa_box=\box30
\g_tmpb_box=\box31
\l__box_top_dim=\dimen109
\l__box_bottom_dim=\dimen110
\l__box_left_dim=\dimen111
\l__box_right_dim=\dimen112
\l__box_top_new_dim=\dimen113
\l__box_bottom_new_dim=\dimen114
\l__box_left_new_dim=\dimen115
\l__box_right_new_dim=\dimen116
\l__box_internal_box=\box32
\l__coffin_internal_box=\box33
\l__coffin_internal_dim=\dimen117
\l__coffin_offset_x_dim=\dimen118
\l__coffin_offset_y_dim=\dimen119
\l__coffin_x_dim=\dimen120
\l__coffin_y_dim=\dimen121
\l__coffin_x_prime_dim=\dimen122
\l__coffin_y_prime_dim=\dimen123
\c_empty_coffin=\box34
\l__coffin_aligned_coffin=\box35
\l__coffin_aligned_internal_coffin=\box36
\l_tmpa_coffin=\box37
\l_tmpb_coffin=\box38
\g_tmpa_coffin=\box39
\g_tmpb_coffin=\box40
\c__coffin_empty_coffin=\box41
\l__coffin_display_coffin=\box42
\l__coffin_display_coord_coffin=\box43
\l__coffin_display_pole_coffin=\box44
\l__coffin_display_offset_dim=\dimen124
\l__coffin_display_x_dim=\dimen125
\l__coffin_display_y_dim=\dimen126
\g__file_internal_ior=\read1
\l__coffin_bounding_shift_dim=\dimen127
\l__coffin_left_corner_dim=\dimen128
\l__coffin_right_corner_dim=\dimen129
\l__coffin_bottom_corner_dim=\dimen130
\l__coffin_top_corner_dim=\dimen131
\l__coffin_scaled_total_height_dim=\dimen132
\l__coffin_scaled_width_dim=\dimen133
\l__seq_internal_a_int=\count163
\l__seq_internal_b_int=\count164
)
("C:\Users\Kai Renken\AppData\Roaming\MiKTeX\2.9\tex/latex/l3kernel\l3pdfmode.d
ef"
File: l3pdfmode.def 2019-02-15 v L3 Experimental driver: PDF mode
\l__driver_color_stack_int=\count165
))
Package: xparse 2018-10-17 L3 Experimental document command parser
\l__xparse_current_arg_int=\count166
\g__xparse_grabber_int=\count167
\l__xparse_m_args_int=\count168
\l__xparse_mandatory_args_int=\count169
\l__xparse_v_nesting_int=\count170
) ("C:\Program Files\MiKTeX 2.9\tex/latex/base\book.cls"
Document Class: book 2018/09/03 v1.4i Standard LaTeX document class
("C:\Program Files\MiKTeX 2.9\tex/latex/base\bk11.clo"
File: bk11.clo 2018/09/03 v1.4i Standard LaTeX file (size option)
)
\c@part=\count171
\c@chapter=\count172
\c@section=\count173
\c@subsection=\count174
\c@subsubsection=\count175
\c@paragraph=\count176
\c@subparagraph=\count177
\c@figure=\count178
\c@table=\count179
\abovecaptionskip=\skip47
\belowcaptionskip=\skip48
\bibindent=\dimen134
)
("C:\Program Files\MiKTeX 2.9\tex/generic/babel\babel.sty"
Package: babel 2018/11/13 3.27 The Babel package

("C:\Program Files\MiKTeX 2.9\tex/generic/babel\switch.def"
File: switch.def 2018/11/13 3.27 Babel switching mechanism
)
*************************************
* Local config file bblopts.cfg used
*
("C:\Users\Kai Renken\AppData\Roaming\MiKTeX\2.9\tex/latex/arabi\bblopts.cfg"
File: bblopts.cfg 2005/09/08 v0.1 add Arabic and Farsi to "declared" options of
 babel
)
("C:\Program Files\MiKTeX 2.9\tex/latex/babel-english\english.ldf"
Language: english 2017/06/06 v3.3r English support from the babel system

("C:\Program Files\MiKTeX 2.9\tex/generic/babel\babel.def"
File: babel.def 2018/11/13 3.27 Babel common definitions
\babel@savecnt=\count180
\U@D=\dimen135

("C:\Program Files\MiKTeX 2.9\tex/generic/babel\txtbabel.def")
\bbl@dirlevel=\count181
)
\l@canadian = a dialect from \language\l@american 
\l@australian = a dialect from \language\l@british 
\l@newzealand = a dialect from \language\l@british 
))
("C:\Users\Kai Renken\AppData\Roaming\MiKTeX\2.9\tex/latex/koma-script\scrbase.
sty"
Package: scrbase 2019/02/01 v3.26b KOMA-Script package (KOMA-Script-independent
 basics and keyval usage)
 ("C:\Program Files\MiKTeX 2.9\tex/latex/graphics\keyval.sty"
Package: keyval 2014/10/28 v1.15 key=value parser (DPC)
\KV@toks@=\toks14
)
("C:\Users\Kai Renken\AppData\Roaming\MiKTeX\2.9\tex/latex/koma-script\scrlfile
.sty"
Package: scrlfile 2019/02/01 v3.26b KOMA-Script package (loading files)
))
("C:\Users\Kai Renken\AppData\Roaming\MiKTeX\2.9\tex/latex/koma-script\scrhack.
sty"
Package: scrhack 2019/02/01 v3.26b KOMA-Script package 

("C:\Users\Kai Renken\AppData\Roaming\MiKTeX\2.9\tex/latex/koma-script\scrkbase
.sty"
Package: scrkbase 2019/02/01 v3.26b KOMA-Script package (KOMA-Script-dependent 
basics and keyval usage)
)
("C:\Users\Kai Renken\AppData\Roaming\MiKTeX\2.9\tex/latex/xpatch\xpatch.sty"
Package: xpatch 2012/10/02 v0.3 Extending etoolbox patching commands
))
("C:\Users\Kai Renken\AppData\Roaming\MiKTeX\2.9\tex/latex/setspace\setspace.st
y"
Package: setspace 2011/12/19 v6.7a set line spacing
)
Package scrhack Info: loading setspace hack on input line 193.

("C:\Users\Kai Renken\AppData\Roaming\MiKTeX\2.9\tex/latex/koma-script\setspace
.hak"
File: setspace.hak 2019/02/01 v3.26b KOMA-Script package (hacking package setsp
ace)
) ("C:\Program Files\MiKTeX 2.9\tex/latex/tools\longtable.sty"
Package: longtable 2014/10/28 v4.11 Multi-page Table package (DPC)+ FMi change
\LTleft=\skip49
\LTright=\skip50
\LTpre=\skip51
\LTpost=\skip52
\LTchunksize=\count182
\LTcapwidth=\dimen136
\LT@head=\box45
\LT@firsthead=\box46
\LT@foot=\box47
\LT@lastfoot=\box48
\LT@cols=\count183
\LT@rows=\count184
\c@LT@tables=\count185
\c@LT@chunks=\count186
\LT@p@ftn=\toks15
)
("C:\Program Files\MiKTeX 2.9\tex/latex/graphics\graphicx.sty"
Package: graphicx 2017/06/01 v1.1a Enhanced LaTeX Graphics (DPC,SPQR)

("C:\Program Files\MiKTeX 2.9\tex/latex/graphics\graphics.sty"
Package: graphics 2017/06/25 v1.2c Standard LaTeX Graphics (DPC,SPQR)

("C:\Program Files\MiKTeX 2.9\tex/latex/graphics\trig.sty"
Package: trig 2016/01/03 v1.10 sin cos tan (DPC)
)
("C:\Program Files\MiKTeX 2.9\tex/latex/graphics-cfg\graphics.cfg"
File: graphics.cfg 2016/06/04 v1.11 sample graphics configuration
)
Package graphics Info: Driver file: pdftex.def on input line 99.

("C:\Program Files\MiKTeX 2.9\tex/latex/graphics-def\pdftex.def"
File: pdftex.def 2018/01/08 v1.0l Graphics/color driver for pdftex
))
\Gin@req@height=\dimen137
\Gin@req@width=\dimen138
)
("C:\Users\Kai Renken\AppData\Roaming\MiKTeX\2.9\tex/latex/booktabs\booktabs.st
y"
Package: booktabs 2005/04/14 v1.61803 publication quality tables
\heavyrulewidth=\dimen139
\lightrulewidth=\dimen140
\cmidrulewidth=\dimen141
\belowrulesep=\dimen142
\belowbottomsep=\dimen143
\aboverulesep=\dimen144
\abovetopsep=\dimen145
\cmidrulesep=\dimen146
\cmidrulekern=\dimen147
\defaultaddspace=\dimen148
\@cmidla=\count187
\@cmidlb=\count188
\@aboverulesep=\dimen149
\@belowrulesep=\dimen150
\@thisruleclass=\count189
\@lastruleclass=\count190
\@thisrulewidth=\dimen151
)
("C:\Users\Kai Renken\AppData\Roaming\MiKTeX\2.9\tex/latex/caption\caption.sty"
Package: caption 2018/10/06 v3.3-154 Customizing captions (AR)
("C:\Users\Kai Renken\AppData\Roaming\MiKTeX\2.9\tex/latex/caption\caption3.sty
"
Package: caption3 2018/09/12 v1.8c caption3 kernel (AR)
Package caption3 Info: TeX engine: e-TeX on input line 64.
\captionmargin=\dimen152
\captionmargin@=\dimen153
\captionwidth=\dimen154
\caption@tempdima=\dimen155
\caption@indent=\dimen156
\caption@parindent=\dimen157
\caption@hangindent=\dimen158
)
\c@caption@flags=\count191
\c@ContinuedFloat=\count192
Package caption Info: longtable package is loaded.

("C:\Users\Kai Renken\AppData\Roaming\MiKTeX\2.9\tex/latex/caption\ltcaption.st
y"
Package: ltcaption 2018/08/26 v1.4-95 longtable captions (AR)
))
("C:\Users\Kai Renken\AppData\Roaming\MiKTeX\2.9\tex/latex/xcolor\xcolor.sty"
Package: xcolor 2016/05/11 v2.12 LaTeX color extensions (UK)

("C:\Program Files\MiKTeX 2.9\tex/latex/graphics-cfg\color.cfg"
File: color.cfg 2016/01/02 v1.6 sample color configuration
)
Package xcolor Info: Driver file: pdftex.def on input line 225.
Package xcolor Info: Model `cmy' substituted by `cmy0' on input line 1348.
Package xcolor Info: Model `hsb' substituted by `rgb' on input line 1352.
Package xcolor Info: Model `RGB' extended on input line 1364.
Package xcolor Info: Model `HTML' substituted by `rgb' on input line 1366.
Package xcolor Info: Model `Hsb' substituted by `hsb' on input line 1367.
Package xcolor Info: Model `tHsb' substituted by `hsb' on input line 1368.
Package xcolor Info: Model `HSB' substituted by `hsb' on input line 1369.
Package xcolor Info: Model `Gray' substituted by `gray' on input line 1370.
Package xcolor Info: Model `wave' substituted by `hsb' on input line 1371.
)
("C:\Program Files\MiKTeX 2.9\tex/latex/geometry\geometry.sty"
Package: geometry 2018/04/16 v5.8 Page Geometry

("C:\Program Files\MiKTeX 2.9\tex/generic/oberdiek\ifpdf.sty"
Package: ifpdf 2018/09/07 v3.3 Provides the ifpdf switch
)
("C:\Program Files\MiKTeX 2.9\tex/generic/oberdiek\ifvtex.sty"
Package: ifvtex 2016/05/16 v1.6 Detect VTeX and its facilities (HO)
Package ifvtex Info: VTeX not detected.
)
("C:\Program Files\MiKTeX 2.9\tex/generic/ifxetex\ifxetex.sty"
Package: ifxetex 2010/09/12 v0.6 Provides ifxetex conditional
)
\Gm@cnth=\count193
\Gm@cntv=\count194
\c@Gm@tempcnt=\count195
\Gm@bindingoffset=\dimen159
\Gm@wd@mp=\dimen160
\Gm@odd@mp=\dimen161
\Gm@even@mp=\dimen162
\Gm@layoutwidth=\dimen163
\Gm@layoutheight=\dimen164
\Gm@layouthoffset=\dimen165
\Gm@layoutvoffset=\dimen166
\Gm@dimlist=\toks16

("C:\Program Files\MiKTeX 2.9\tex/latex/geometry\geometry.cfg"))
("C:\Users\Kai Renken\AppData\Roaming\MiKTeX\2.9\tex/latex/koma-script\scrlayer
-scrpage.sty"
Package: scrlayer-scrpage 2019/02/01 v3.26b KOMA-Script package (end user inter
face for scrlayer)

("C:\Users\Kai Renken\AppData\Roaming\MiKTeX\2.9\tex/latex/koma-script\scrlayer
.sty"
Package: scrlayer 2019/02/01 v3.26b KOMA-Script package (defining layers and pa
ge styles)
\footheight=\skip53
Package scrlayer Info: patching LaTeX kernel macro \pagestyle on input line 208
3.
)
Package scrbase Info: Unknown processing state.
(scrbase)             Processing option `markcase=used'
(scrbase)             of member `.scrlayer-scrpage.sty' of family
(scrbase)             `KOMA' doesn't set
(scrbase)             a valid state. This will be interpreted
(scrbase)             as \FamilyKeyStateProcessed on input line 724.
)
Package scrlayer-scrpage Info: auto-selection of `pagestyleset=standard'.

1: chapter
1: chapter
1: section
) ("C:\Program Files\MiKTeX 2.9\tex/latex/base\inputenc.sty"
Package: inputenc 2018/08/11 v1.3c Input encoding file
\inpenc@prehook=\toks17
\inpenc@posthook=\toks18
)
("C:\Program Files\MiKTeX 2.9\tex/latex/base\fontenc.sty"
Package: fontenc 2018/08/11 v2.0j Standard LaTeX package

("C:\Program Files\MiKTeX 2.9\tex/latex/base\t1enc.def"
File: t1enc.def 2018/08/11 v2.0j Standard LaTeX file
LaTeX Font Info:    Redeclaring font encoding T1 on input line 48.
))
("C:\Program Files\MiKTeX 2.9\tex/latex/amsmath\amsmath.sty"
Package: amsmath 2018/12/01 v2.17b AMS math features
\@mathmargin=\skip54

For additional information on amsmath, use the `?' option.
("C:\Program Files\MiKTeX 2.9\tex/latex/amsmath\amstext.sty"
Package: amstext 2000/06/29 v2.01 AMS text

("C:\Program Files\MiKTeX 2.9\tex/latex/amsmath\amsgen.sty"
File: amsgen.sty 1999/11/30 v2.0 generic functions
\@emptytoks=\toks19
\ex@=\dimen167
))
("C:\Program Files\MiKTeX 2.9\tex/latex/amsmath\amsbsy.sty"
Package: amsbsy 1999/11/29 v1.2d Bold Symbols
\pmbraise@=\dimen168
)
("C:\Program Files\MiKTeX 2.9\tex/latex/amsmath\amsopn.sty"
Package: amsopn 2016/03/08 v2.02 operator names
)
\inf@bad=\count196
LaTeX Info: Redefining \frac on input line 223.
\uproot@=\count197
\leftroot@=\count198
LaTeX Info: Redefining \overline on input line 385.
\classnum@=\count199
\DOTSCASE@=\count266
LaTeX Info: Redefining \ldots on input line 482.
LaTeX Info: Redefining \dots on input line 485.
LaTeX Info: Redefining \cdots on input line 606.
\Mathstrutbox@=\box49
\strutbox@=\box50
\big@size=\dimen169
LaTeX Font Info:    Redeclaring font encoding OML on input line 729.
LaTeX Font Info:    Redeclaring font encoding OMS on input line 730.
\macc@depth=\count267
\c@MaxMatrixCols=\count268
\dotsspace@=\muskip16
\c@parentequation=\count269
\dspbrk@lvl=\count270
\tag@help=\toks20
\row@=\count271
\column@=\count272
\maxfields@=\count273
\andhelp@=\toks21
\eqnshift@=\dimen170
\alignsep@=\dimen171
\tagshift@=\dimen172
\tagwidth@=\dimen173
\totwidth@=\dimen174
\lineht@=\dimen175
\@envbody=\toks22
\multlinegap=\skip55
\multlinetaggap=\skip56
\mathdisplay@stack=\toks23
LaTeX Info: Redefining \[ on input line 2844.
LaTeX Info: Redefining \] on input line 2845.
)
("C:\Program Files\MiKTeX 2.9\tex/latex/amscls\amsthm.sty"
Package: amsthm 2017/10/31 v2.20.4
\thm@style=\toks24
\thm@bodyfont=\toks25
\thm@headfont=\toks26
\thm@notefont=\toks27
\thm@headpunct=\toks28
\thm@preskip=\skip57
\thm@postskip=\skip58
\thm@headsep=\skip59
\dth@everypar=\toks29
)
("C:\Program Files\MiKTeX 2.9\tex/latex/amsfonts\amssymb.sty"
Package: amssymb 2013/01/14 v3.01 AMS font symbols

("C:\Program Files\MiKTeX 2.9\tex/latex/amsfonts\amsfonts.sty"
Package: amsfonts 2013/01/14 v3.01 Basic AMSFonts support
\symAMSa=\mathgroup4
\symAMSb=\mathgroup5
LaTeX Font Info:    Overwriting math alphabet `\mathfrak' in version `bold'
(Font)                  U/euf/m/n --> U/euf/b/n on input line 106.
))
("C:\Users\Kai Renken\AppData\Roaming\MiKTeX\2.9\tex/latex/pgf/frontendlayer\ti
kz.sty"
("C:\Users\Kai Renken\AppData\Roaming\MiKTeX\2.9\tex/latex/pgf/basiclayer\pgf.s
ty"
("C:\Users\Kai Renken\AppData\Roaming\MiKTeX\2.9\tex/latex/pgf/utilities\pgfrcs
.sty"
("C:\Users\Kai Renken\AppData\Roaming\MiKTeX\2.9\tex/generic/pgf/utilities\pgfu
til-common.tex"
\pgfutil@everybye=\toks30
\pgfutil@tempdima=\dimen176
\pgfutil@tempdimb=\dimen177

("C:\Users\Kai Renken\AppData\Roaming\MiKTeX\2.9\tex/generic/pgf/utilities\pgfu
til-common-lists.tex"))
("C:\Users\Kai Renken\AppData\Roaming\MiKTeX\2.9\tex/generic/pgf/utilities\pgfu
til-latex.def"
\pgfutil@abb=\box51

("C:\Users\Kai Renken\AppData\Roaming\MiKTeX\2.9\tex/latex/ms\everyshi.sty"
Package: everyshi 2001/05/15 v3.00 EveryShipout Package (MS)
))
("C:\Users\Kai Renken\AppData\Roaming\MiKTeX\2.9\tex/generic/pgf/utilities\pgfr
cs.code.tex"
("C:\Users\Kai Renken\AppData\Roaming\MiKTeX\2.9\tex/generic/pgf\pgf.revision.t
ex")
Package: pgfrcs 2019/02/02 v3.1.1 (3.1.1)
))
Package: pgf 2019/02/02 v3.1.1 (3.1.1)

("C:\Users\Kai Renken\AppData\Roaming\MiKTeX\2.9\tex/latex/pgf/basiclayer\pgfco
re.sty"
("C:\Users\Kai Renken\AppData\Roaming\MiKTeX\2.9\tex/latex/pgf/systemlayer\pgfs
ys.sty"
("C:\Users\Kai Renken\AppData\Roaming\MiKTeX\2.9\tex/generic/pgf/systemlayer\pg
fsys.code.tex"
Package: pgfsys 2019/02/02 v3.1.1 (3.1.1)

("C:\Users\Kai Renken\AppData\Roaming\MiKTeX\2.9\tex/generic/pgf/utilities\pgfk
eys.code.tex"
\pgfkeys@pathtoks=\toks31
\pgfkeys@temptoks=\toks32

("C:\Users\Kai Renken\AppData\Roaming\MiKTeX\2.9\tex/generic/pgf/utilities\pgfk
eysfiltered.code.tex"
\pgfkeys@tmptoks=\toks33
))
\pgf@x=\dimen178
\pgf@y=\dimen179
\pgf@xa=\dimen180
\pgf@ya=\dimen181
\pgf@xb=\dimen182
\pgf@yb=\dimen183
\pgf@xc=\dimen184
\pgf@yc=\dimen185
\w@pgf@writea=\write3
\r@pgf@reada=\read2
\c@pgf@counta=\count274
\c@pgf@countb=\count275
\c@pgf@countc=\count276
\c@pgf@countd=\count277
\t@pgf@toka=\toks34
\t@pgf@tokb=\toks35
\t@pgf@tokc=\toks36
\pgf@sys@id@count=\count278

("C:\Users\Kai Renken\AppData\Roaming\MiKTeX\2.9\tex/generic/pgf/systemlayer\pg
f.cfg"
File: pgf.cfg 2019/02/02 v3.1.1 (3.1.1)
)
Driver file for pgf: pgfsys-pdftex.def

("C:\Users\Kai Renken\AppData\Roaming\MiKTeX\2.9\tex/generic/pgf/systemlayer\pg
fsys-pdftex.def"
File: pgfsys-pdftex.def 2019/02/02 v3.1.1 (3.1.1)

("C:\Users\Kai Renken\AppData\Roaming\MiKTeX\2.9\tex/generic/pgf/systemlayer\pg
fsys-common-pdf.def"
File: pgfsys-common-pdf.def 2019/02/02 v3.1.1 (3.1.1)
)))
("C:\Users\Kai Renken\AppData\Roaming\MiKTeX\2.9\tex/generic/pgf/systemlayer\pg
fsyssoftpath.code.tex"
File: pgfsyssoftpath.code.tex 2019/02/02 v3.1.1 (3.1.1)
\pgfsyssoftpath@smallbuffer@items=\count279
\pgfsyssoftpath@bigbuffer@items=\count280
)
("C:\Users\Kai Renken\AppData\Roaming\MiKTeX\2.9\tex/generic/pgf/systemlayer\pg
fsysprotocol.code.tex"
File: pgfsysprotocol.code.tex 2019/02/02 v3.1.1 (3.1.1)
))
("C:\Users\Kai Renken\AppData\Roaming\MiKTeX\2.9\tex/generic/pgf/basiclayer\pgf
core.code.tex"
Package: pgfcore 2019/02/02 v3.1.1 (3.1.1)

("C:\Users\Kai Renken\AppData\Roaming\MiKTeX\2.9\tex/generic/pgf/math\pgfmath.c
ode.tex"
("C:\Users\Kai Renken\AppData\Roaming\MiKTeX\2.9\tex/generic/pgf/math\pgfmathca
lc.code.tex"
("C:\Users\Kai Renken\AppData\Roaming\MiKTeX\2.9\tex/generic/pgf/math\pgfmathut
il.code.tex")
("C:\Users\Kai Renken\AppData\Roaming\MiKTeX\2.9\tex/generic/pgf/math\pgfmathpa
rser.code.tex"
\pgfmath@dimen=\dimen186
\pgfmath@count=\count281
\pgfmath@box=\box52
\pgfmath@toks=\toks37
\pgfmath@stack@operand=\toks38
\pgfmath@stack@operation=\toks39
)
("C:\Users\Kai Renken\AppData\Roaming\MiKTeX\2.9\tex/generic/pgf/math\pgfmathfu
nctions.code.tex"
("C:\Users\Kai Renken\AppData\Roaming\MiKTeX\2.9\tex/generic/pgf/math\pgfmathfu
nctions.basic.code.tex")
("C:\Users\Kai Renken\AppData\Roaming\MiKTeX\2.9\tex/generic/pgf/math\pgfmathfu
nctions.trigonometric.code.tex")
("C:\Users\Kai Renken\AppData\Roaming\MiKTeX\2.9\tex/generic/pgf/math\pgfmathfu
nctions.random.code.tex")
("C:\Users\Kai Renken\AppData\Roaming\MiKTeX\2.9\tex/generic/pgf/math\pgfmathfu
nctions.comparison.code.tex")
("C:\Users\Kai Renken\AppData\Roaming\MiKTeX\2.9\tex/generic/pgf/math\pgfmathfu
nctions.base.code.tex")
("C:\Users\Kai Renken\AppData\Roaming\MiKTeX\2.9\tex/generic/pgf/math\pgfmathfu
nctions.round.code.tex")
("C:\Users\Kai Renken\AppData\Roaming\MiKTeX\2.9\tex/generic/pgf/math\pgfmathfu
nctions.misc.code.tex")
("C:\Users\Kai Renken\AppData\Roaming\MiKTeX\2.9\tex/generic/pgf/math\pgfmathfu
nctions.integerarithmetics.code.tex")))
("C:\Users\Kai Renken\AppData\Roaming\MiKTeX\2.9\tex/generic/pgf/math\pgfmathfl
oat.code.tex"
\c@pgfmathroundto@lastzeros=\count282
))
("C:\Users\Kai Renken\AppData\Roaming\MiKTeX\2.9\tex/generic/pgf/basiclayer\pgf
corepoints.code.tex"
File: pgfcorepoints.code.tex 2019/02/02 v3.1.1 (3.1.1)
\pgf@picminx=\dimen187
\pgf@picmaxx=\dimen188
\pgf@picminy=\dimen189
\pgf@picmaxy=\dimen190
\pgf@pathminx=\dimen191
\pgf@pathmaxx=\dimen192
\pgf@pathminy=\dimen193
\pgf@pathmaxy=\dimen194
\pgf@xx=\dimen195
\pgf@xy=\dimen196
\pgf@yx=\dimen197
\pgf@yy=\dimen198
\pgf@zx=\dimen199
\pgf@zy=\dimen256
)
("C:\Users\Kai Renken\AppData\Roaming\MiKTeX\2.9\tex/generic/pgf/basiclayer\pgf
corepathconstruct.code.tex"
File: pgfcorepathconstruct.code.tex 2019/02/02 v3.1.1 (3.1.1)
\pgf@path@lastx=\dimen257
\pgf@path@lasty=\dimen258
)
("C:\Users\Kai Renken\AppData\Roaming\MiKTeX\2.9\tex/generic/pgf/basiclayer\pgf
corepathusage.code.tex"
File: pgfcorepathusage.code.tex 2019/02/02 v3.1.1 (3.1.1)
\pgf@shorten@end@additional=\dimen259
\pgf@shorten@start@additional=\dimen260
)
("C:\Users\Kai Renken\AppData\Roaming\MiKTeX\2.9\tex/generic/pgf/basiclayer\pgf
corescopes.code.tex"
File: pgfcorescopes.code.tex 2019/02/02 v3.1.1 (3.1.1)
\pgfpic=\box53
\pgf@hbox=\box54
\pgf@layerbox@main=\box55
\pgf@picture@serial@count=\count283
)
("C:\Users\Kai Renken\AppData\Roaming\MiKTeX\2.9\tex/generic/pgf/basiclayer\pgf
coregraphicstate.code.tex"
File: pgfcoregraphicstate.code.tex 2019/02/02 v3.1.1 (3.1.1)
\pgflinewidth=\dimen261
)
("C:\Users\Kai Renken\AppData\Roaming\MiKTeX\2.9\tex/generic/pgf/basiclayer\pgf
coretransformations.code.tex"
File: pgfcoretransformations.code.tex 2019/02/02 v3.1.1 (3.1.1)
\pgf@pt@x=\dimen262
\pgf@pt@y=\dimen263
\pgf@pt@temp=\dimen264
)
("C:\Users\Kai Renken\AppData\Roaming\MiKTeX\2.9\tex/generic/pgf/basiclayer\pgf
corequick.code.tex"
File: pgfcorequick.code.tex 2019/02/02 v3.1.1 (3.1.1)
)
("C:\Users\Kai Renken\AppData\Roaming\MiKTeX\2.9\tex/generic/pgf/basiclayer\pgf
coreobjects.code.tex"
File: pgfcoreobjects.code.tex 2019/02/02 v3.1.1 (3.1.1)
)
("C:\Users\Kai Renken\AppData\Roaming\MiKTeX\2.9\tex/generic/pgf/basiclayer\pgf
corepathprocessing.code.tex"
File: pgfcorepathprocessing.code.tex 2019/02/02 v3.1.1 (3.1.1)
)
("C:\Users\Kai Renken\AppData\Roaming\MiKTeX\2.9\tex/generic/pgf/basiclayer\pgf
corearrows.code.tex"
File: pgfcorearrows.code.tex 2019/02/02 v3.1.1 (3.1.1)
\pgfarrowsep=\dimen265
)
("C:\Users\Kai Renken\AppData\Roaming\MiKTeX\2.9\tex/generic/pgf/basiclayer\pgf
coreshade.code.tex"
File: pgfcoreshade.code.tex 2019/02/02 v3.1.1 (3.1.1)
\pgf@max=\dimen266
\pgf@sys@shading@range@num=\count284
)
("C:\Users\Kai Renken\AppData\Roaming\MiKTeX\2.9\tex/generic/pgf/basiclayer\pgf
coreimage.code.tex"
File: pgfcoreimage.code.tex 2019/02/02 v3.1.1 (3.1.1)

("C:\Users\Kai Renken\AppData\Roaming\MiKTeX\2.9\tex/generic/pgf/basiclayer\pgf
coreexternal.code.tex"
File: pgfcoreexternal.code.tex 2019/02/02 v3.1.1 (3.1.1)
\pgfexternal@startupbox=\box56
))
("C:\Users\Kai Renken\AppData\Roaming\MiKTeX\2.9\tex/generic/pgf/basiclayer\pgf
corelayers.code.tex"
File: pgfcorelayers.code.tex 2019/02/02 v3.1.1 (3.1.1)
)
("C:\Users\Kai Renken\AppData\Roaming\MiKTeX\2.9\tex/generic/pgf/basiclayer\pgf
coretransparency.code.tex"
File: pgfcoretransparency.code.tex 2019/02/02 v3.1.1 (3.1.1)
)
("C:\Users\Kai Renken\AppData\Roaming\MiKTeX\2.9\tex/generic/pgf/basiclayer\pgf
corepatterns.code.tex"
File: pgfcorepatterns.code.tex 2019/02/02 v3.1.1 (3.1.1)
)
("C:\Users\Kai Renken\AppData\Roaming\MiKTeX\2.9\tex/generic/pgf/basiclayer\pgf
corerdf.code.tex"
File: pgfcorerdf.code.tex 2019/02/02 v3.1.1 (3.1.1)
)))
("C:\Users\Kai Renken\AppData\Roaming\MiKTeX\2.9\tex/generic/pgf/modules\pgfmod
uleshapes.code.tex"
File: pgfmoduleshapes.code.tex 2019/02/02 v3.1.1 (3.1.1)
\pgfnodeparttextbox=\box57
)
("C:\Users\Kai Renken\AppData\Roaming\MiKTeX\2.9\tex/generic/pgf/modules\pgfmod
uleplot.code.tex"
File: pgfmoduleplot.code.tex 2019/02/02 v3.1.1 (3.1.1)
)
("C:\Users\Kai Renken\AppData\Roaming\MiKTeX\2.9\tex/latex/pgf/compatibility\pg
fcomp-version-0-65.sty"
Package: pgfcomp-version-0-65 2019/02/02 v3.1.1 (3.1.1)
\pgf@nodesepstart=\dimen267
\pgf@nodesepend=\dimen268
)
("C:\Users\Kai Renken\AppData\Roaming\MiKTeX\2.9\tex/latex/pgf/compatibility\pg
fcomp-version-1-18.sty"
Package: pgfcomp-version-1-18 2019/02/02 v3.1.1 (3.1.1)
))
("C:\Users\Kai Renken\AppData\Roaming\MiKTeX\2.9\tex/latex/pgf/utilities\pgffor
.sty"
("C:\Users\Kai Renken\AppData\Roaming\MiKTeX\2.9\tex/latex/pgf/utilities\pgfkey
s.sty"
("C:\Users\Kai Renken\AppData\Roaming\MiKTeX\2.9\tex/generic/pgf/utilities\pgfk
eys.code.tex"))
("C:\Users\Kai Renken\AppData\Roaming\MiKTeX\2.9\tex/latex/pgf/math\pgfmath.sty
"
("C:\Users\Kai Renken\AppData\Roaming\MiKTeX\2.9\tex/generic/pgf/math\pgfmath.c
ode.tex"))
("C:\Users\Kai Renken\AppData\Roaming\MiKTeX\2.9\tex/generic/pgf/utilities\pgff
or.code.tex"
Package: pgffor 2019/02/02 v3.1.1 (3.1.1)

("C:\Users\Kai Renken\AppData\Roaming\MiKTeX\2.9\tex/generic/pgf/math\pgfmath.c
ode.tex")
\pgffor@iter=\dimen269
\pgffor@skip=\dimen270
\pgffor@stack=\toks40
\pgffor@toks=\toks41
))
("C:\Users\Kai Renken\AppData\Roaming\MiKTeX\2.9\tex/generic/pgf/frontendlayer/
tikz\tikz.code.tex"
Package: tikz 2019/02/02 v3.1.1 (3.1.1)

("C:\Users\Kai Renken\AppData\Roaming\MiKTeX\2.9\tex/generic/pgf/libraries\pgfl
ibraryplothandlers.code.tex"
File: pgflibraryplothandlers.code.tex 2019/02/02 v3.1.1 (3.1.1)
\pgf@plot@mark@count=\count285
\pgfplotmarksize=\dimen271
)
\tikz@lastx=\dimen272
\tikz@lasty=\dimen273
\tikz@lastxsaved=\dimen274
\tikz@lastysaved=\dimen275
\tikzleveldistance=\dimen276
\tikzsiblingdistance=\dimen277
\tikz@figbox=\box58
\tikz@figbox@bg=\box59
\tikz@tempbox=\box60
\tikz@tempbox@bg=\box61
\tikztreelevel=\count286
\tikznumberofchildren=\count287
\tikznumberofcurrentchild=\count288
\tikz@fig@count=\count289

("C:\Users\Kai Renken\AppData\Roaming\MiKTeX\2.9\tex/generic/pgf/modules\pgfmod
ulematrix.code.tex"
File: pgfmodulematrix.code.tex 2019/02/02 v3.1.1 (3.1.1)
\pgfmatrixcurrentrow=\count290
\pgfmatrixcurrentcolumn=\count291
\pgf@matrix@numberofcolumns=\count292
)
\tikz@expandcount=\count293

("C:\Users\Kai Renken\AppData\Roaming\MiKTeX\2.9\tex/generic/pgf/frontendlayer/
tikz/libraries\tikzlibrarytopaths.code.tex"
File: tikzlibrarytopaths.code.tex 2019/02/02 v3.1.1 (3.1.1)
))) (extarrows.sty
Package: extarrows 2008/05/15 v1.0b Some extensible arrows
)
("C:\Users\Kai Renken\AppData\Roaming\MiKTeX\2.9\tex/generic/pgf/frontendlayer/
tikz/libraries\tikzlibraryarrows.code.tex"
File: tikzlibraryarrows.code.tex 2019/02/02 v3.1.1 (3.1.1)

("C:\Users\Kai Renken\AppData\Roaming\MiKTeX\2.9\tex/generic/pgf/libraries\pgfl
ibraryarrows.code.tex"
File: pgflibraryarrows.code.tex 2019/02/02 v3.1.1 (3.1.1)
\arrowsize=\dimen278
))
("C:\Users\Kai Renken\AppData\Roaming\MiKTeX\2.9\tex/generic/pgf/frontendlayer/
tikz/libraries\tikzlibrarychains.code.tex"
File: tikzlibrarychains.code.tex 2019/02/02 v3.1.1 (3.1.1)

("C:\Users\Kai Renken\AppData\Roaming\MiKTeX\2.9\tex/generic/pgf/frontendlayer/
tikz/libraries\tikzlibrarypositioning.code.tex"
File: tikzlibrarypositioning.code.tex 2019/02/02 v3.1.1 (3.1.1)
))
("C:\Users\Kai Renken\AppData\Roaming\MiKTeX\2.9\tex/generic/pgf/frontendlayer/
tikz/libraries\tikzlibrarymatrix.code.tex"
File: tikzlibrarymatrix.code.tex 2019/02/02 v3.1.1 (3.1.1)
)
("C:\Users\Kai Renken\AppData\Roaming\MiKTeX\2.9\tex/generic/pgf/frontendlayer/
tikz/libraries\tikzlibraryscopes.code.tex"
File: tikzlibraryscopes.code.tex 2019/02/02 v3.1.1 (3.1.1)
)
\c@defi=\count294
\c@lem=\count295
\c@conj=\count296
\c@rem=\count297
\c@prop=\count298
\c@thm=\count299
\c@cor=\count300
\c@expl=\count301

("C:\Program Files\MiKTeX 2.9\tex/latex/psnfss\mathpazo.sty"
Package: mathpazo 2005/04/12 PSNFSS-v9.2a Palatino w/ Pazo Math (D.Puga, WaS) 
\symupright=\mathgroup6
)
("C:\Users\Kai Renken\AppData\Roaming\MiKTeX\2.9\tex/latex/datetime\datetime.st
y"
Package: datetime 2015/03/20 v2.60 Date Time Package

("C:\Users\Kai Renken\AppData\Roaming\MiKTeX\2.9\tex/latex/fmtcount\fmtcount.st
y"
Package: fmtcount 2017/12/24 v3.05
 ("C:\Program Files\MiKTeX 2.9\tex/latex/base\ifthen.sty"
Package: ifthen 2014/09/29 v1.1c Standard LaTeX ifthen package (DPC)
)
("C:\Program Files\MiKTeX 2.9\tex/latex/xkeyval\xkeyval.sty"
Package: xkeyval 2014/12/03 v2.7a package option processing (HA)

("C:\Program Files\MiKTeX 2.9\tex/generic/xkeyval\xkeyval.tex"
("C:\Program Files\MiKTeX 2.9\tex/generic/xkeyval\xkvutils.tex"
\XKV@toks=\toks42
\XKV@tempa@toks=\toks43
)
\XKV@depth=\count302
File: xkeyval.tex 2014/12/03 v2.7a key=value parser (HA)
))
("C:\Users\Kai Renken\AppData\Roaming\MiKTeX\2.9\tex/latex/fmtcount\fcprefix.st
y"
Package: fcprefix 2012/09/28

("C:\Users\Kai Renken\AppData\Roaming\MiKTeX\2.9\tex/latex/fmtcount\fcnumparser
.sty"
Package: fcnumparser 2017/06/15
\fc@digit@counter=\count303
))
\c@padzeroesN=\count304
\fc@tmpcatcode=\count305

("C:\Users\Kai Renken\AppData\Roaming\MiKTeX\2.9\tex/latex/fmtcount\fc-english.
def"
File: fc-english.def 2016/01/12
)
\@DT@modctr=\count306
\@ordinalctr=\count307
\@orgargctr=\count308
\@strctr=\count309
\@tmpstrctr=\count310
\@DT@loopN=\count311
\@DT@X=\count312
)
("C:\Users\Kai Renken\AppData\Roaming\MiKTeX\2.9\tex/latex/datetime\datetime-de
faults.sty"
Package: datetime-defaults 2013/09/10
)
\@day=\count313
\@month=\count314
\@year=\count315
\c@HOUR=\count316
\c@HOURXII=\count317
\c@MINUTE=\count318
\c@TOHOUR=\count319
\c@TOMINUTE=\count320
\c@SECOND=\count321
\currenthour=\count322
\currentminute=\count323
\currentsecond=\count324
Package datetime Info: No datetime.cfg file found, using default settings on in
put line 308.

("C:\Users\Kai Renken\AppData\Roaming\MiKTeX\2.9\tex/latex/datetime\dt-ngerman.
def"
File: dt-ngerman.def 2013/09/10
)
\@dtctr=\count325
\dayofyear=\count326
\dayofweek=\count327
LaTeX Info: Redefining \today on input line 736.
\dt@a=\toks44
\dt@b=\toks45
) ("C:\Program Files\MiKTeX 2.9\tex/latex/hyperref\hyperref.sty"
Package: hyperref 2018/11/30 v6.88e Hypertext links for LaTeX

("C:\Program Files\MiKTeX 2.9\tex/generic/oberdiek\hobsub-hyperref.sty"
Package: hobsub-hyperref 2016/05/16 v1.14 Bundle oberdiek, subset hyperref (HO)


("C:\Program Files\MiKTeX 2.9\tex/generic/oberdiek\hobsub-generic.sty"
Package: hobsub-generic 2016/05/16 v1.14 Bundle oberdiek, subset generic (HO)
Package: hobsub 2016/05/16 v1.14 Construct package bundles (HO)
Package: infwarerr 2016/05/16 v1.4 Providing info/warning/error messages (HO)
Package: ltxcmds 2016/05/16 v1.23 LaTeX kernel commands for general use (HO)
Package: ifluatex 2016/05/16 v1.4 Provides the ifluatex switch (HO)
Package ifluatex Info: LuaTeX not detected.
Package hobsub Info: Skipping package `ifvtex' (already loaded).
Package: intcalc 2016/05/16 v1.2 Expandable calculations with integers (HO)
Package hobsub Info: Skipping package `ifpdf' (already loaded).
Package: etexcmds 2016/05/16 v1.6 Avoid name clashes with e-TeX commands (HO)
Package: kvsetkeys 2016/05/16 v1.17 Key value parser (HO)
Package: kvdefinekeys 2016/05/16 v1.4 Define keys (HO)
Package: pdftexcmds 2018/09/10 v0.29 Utility functions of pdfTeX for LuaTeX (HO
)
Package pdftexcmds Info: LuaTeX not detected.
Package pdftexcmds Info: \pdf@primitive is available.
Package pdftexcmds Info: \pdf@ifprimitive is available.
Package pdftexcmds Info: \pdfdraftmode found.
Package: pdfescape 2016/05/16 v1.14 Implements pdfTeX's escape features (HO)
Package: bigintcalc 2016/05/16 v1.4 Expandable calculations on big integers (HO
)
Package: bitset 2016/05/16 v1.2 Handle bit-vector datatype (HO)
Package: uniquecounter 2016/05/16 v1.3 Provide unlimited unique counter (HO)
)
Package hobsub Info: Skipping package `hobsub' (already loaded).
Package: letltxmacro 2016/05/16 v1.5 Let assignment for LaTeX macros (HO)
Package: hopatch 2016/05/16 v1.3 Wrapper for package hooks (HO)
Package: xcolor-patch 2016/05/16 xcolor patch
Package: atveryend 2016/05/16 v1.9 Hooks at the very end of document (HO)
Package: atbegshi 2016/06/09 v1.18 At begin shipout hook (HO)
Package: refcount 2016/05/16 v3.5 Data extraction from label references (HO)
Package: hycolor 2016/05/16 v1.8 Color options for hyperref/bookmark (HO)
)
("C:\Program Files\MiKTeX 2.9\tex/latex/oberdiek\auxhook.sty"
Package: auxhook 2016/05/16 v1.4 Hooks for auxiliary files (HO)
)
("C:\Program Files\MiKTeX 2.9\tex/latex/oberdiek\kvoptions.sty"
Package: kvoptions 2016/05/16 v3.12 Key value format for package options (HO)
)
\@linkdim=\dimen279
\Hy@linkcounter=\count328
\Hy@pagecounter=\count329

("C:\Program Files\MiKTeX 2.9\tex/latex/hyperref\pd1enc.def"
File: pd1enc.def 2018/11/30 v6.88e Hyperref: PDFDocEncoding definition (HO)
Now handling font encoding PD1 ...
... no UTF-8 mapping file for font encoding PD1
)
\Hy@SavedSpaceFactor=\count330

("C:\Program Files\MiKTeX 2.9\tex/latex/00miktex\hyperref.cfg"
File: hyperref.cfg 2002/06/06 v1.2 hyperref configuration of TeXLive
)
Package hyperref Info: Hyper figures OFF on input line 4519.
Package hyperref Info: Link nesting OFF on input line 4524.
Package hyperref Info: Hyper index ON on input line 4527.
Package hyperref Info: Plain pages OFF on input line 4534.
Package hyperref Info: Backreferencing OFF on input line 4539.
Package hyperref Info: Implicit mode ON; LaTeX internals redefined.
Package hyperref Info: Bookmarks ON on input line 4772.
\c@Hy@tempcnt=\count331

("C:\Users\Kai Renken\AppData\Roaming\MiKTeX\2.9\tex/latex/url\url.sty"
\Urlmuskip=\muskip17
Package: url 2013/09/16  ver 3.4  Verb mode for urls, etc.
)
LaTeX Info: Redefining \url on input line 5125.
\XeTeXLinkMargin=\dimen280
\Fld@menulength=\count332
\Field@Width=\dimen281
\Fld@charsize=\dimen282
Package hyperref Info: Hyper figures OFF on input line 6380.
Package hyperref Info: Link nesting OFF on input line 6385.
Package hyperref Info: Hyper index ON on input line 6388.
Package hyperref Info: backreferencing OFF on input line 6395.
Package hyperref Info: Link coloring OFF on input line 6400.
Package hyperref Info: Link coloring with OCG OFF on input line 6405.
Package hyperref Info: PDF/A mode OFF on input line 6410.
LaTeX Info: Redefining \ref on input line 6450.
LaTeX Info: Redefining \pageref on input line 6454.
\Hy@abspage=\count333
\c@Item=\count334
\c@Hfootnote=\count335
)
Package scrhack Info: hyperref hack deactivated because of
(scrhack)             detection of hyperref version, that doesn't
(scrhack)             need that hack, on input line 88.
Package hyperref Info: Driver (autodetected): hpdftex.

("C:\Program Files\MiKTeX 2.9\tex/latex/hyperref\hpdftex.def"
File: hpdftex.def 2018/11/30 v6.88e Hyperref driver for pdfTeX
\Fld@listcount=\count336
\c@bookmark@seq@number=\count337

("C:\Program Files\MiKTeX 2.9\tex/latex/oberdiek\rerunfilecheck.sty"
Package: rerunfilecheck 2016/05/16 v1.8 Rerun checks for auxiliary files (HO)
Package uniquecounter Info: New unique counter `rerunfilecheck' on input line 2
82.
)
\Hy@SectionHShift=\skip60
)
Package hyperref Info: Option `bookmarksopen' set `true' on input line 88.
Package hyperref Info: Option `hypertexnames' set `false' on input line 88.
Package hyperref Info: Option `colorlinks' set `true' on input line 88.
Package hyperref Info: Option `unicode' set `true' on input line 88.

("C:\Program Files\MiKTeX 2.9\tex/latex/hyperref\puenc.def"
File: puenc.def 2018/11/30 v6.88e Hyperref: PDF Unicode definition (HO)
Now handling font encoding PU ...
... no UTF-8 mapping file for font encoding PU
)
Package hyperref Info: Option `breaklinks' set `true' on input line 88.
 (main.aux
(Chapters/Preliminaries.aux) (Chapters/Introduction.aux) (Chapters/Chapter2.aux
) (Chapters/Chapter3.aux) (Chapters/Chapter4.aux) (Chapters/Chapter5.aux))
\openout1 = `main.aux'.

LaTeX Font Info:    Checking defaults for OML/cmm/m/it on input line 88.
LaTeX Font Info:    ... okay on input line 88.
LaTeX Font Info:    Checking defaults for T1/cmr/m/n on input line 88.
LaTeX Font Info:    ... okay on input line 88.
LaTeX Font Info:    Checking defaults for OT1/cmr/m/n on input line 88.
LaTeX Font Info:    ... okay on input line 88.
LaTeX Font Info:    Checking defaults for OMS/cmsy/m/n on input line 88.
LaTeX Font Info:    ... okay on input line 88.
LaTeX Font Info:    Checking defaults for OMX/cmex/m/n on input line 88.
LaTeX Font Info:    ... okay on input line 88.
LaTeX Font Info:    Checking defaults for U/cmr/m/n on input line 88.
LaTeX Font Info:    ... okay on input line 88.
LaTeX Font Info:    Checking defaults for PD1/pdf/m/n on input line 88.
LaTeX Font Info:    ... okay on input line 88.
LaTeX Font Info:    Checking defaults for PU/pdf/m/n on input line 88.
LaTeX Font Info:    ... okay on input line 88.
LaTeX Font Info:    Try loading font information for T1+ppl on input line 88.

("C:\Program Files\MiKTeX 2.9\tex/latex/psnfss\t1ppl.fd"
File: t1ppl.fd 2001/06/04 font definitions for T1/ppl.
)
("C:\Users\Kai Renken\AppData\Roaming\MiKTeX\2.9\tex/context/base\supp-pdf.mkii
"
[Loading MPS to PDF converter (version 2006.09.02).]
\scratchcounter=\count338
\scratchdimen=\dimen283
\scratchbox=\box62
\nofMPsegments=\count339
\nofMParguments=\count340
\everyMPshowfont=\toks46
\MPscratchCnt=\count341
\MPscratchDim=\dimen284
\MPnumerator=\count342
\makeMPintoPDFobject=\count343
\everyMPtoPDFconversion=\toks47
) ("C:\Program Files\MiKTeX 2.9\tex/latex/oberdiek\epstopdf-base.sty"
Package: epstopdf-base 2016/05/15 v2.6 Base part for package epstopdf

("C:\Program Files\MiKTeX 2.9\tex/latex/oberdiek\grfext.sty"
Package: grfext 2016/05/16 v1.2 Manage graphics extensions (HO)
)
Package epstopdf-base Info: Redefining graphics rule for `.eps' on input line 4
38.
Package grfext Info: Graphics extension search list:
(grfext)             [.pdf,.png,.jpg,.mps,.jpeg,.jbig2,.jb2,.PDF,.PNG,.JPG,.JPE
G,.JBIG2,.JB2,.eps]
(grfext)             \AppendGraphicsExtensions on input line 456.
)
Package caption Info: Begin \AtBeginDocument code.
Package caption Info: hyperref package is loaded.
Package caption Info: End \AtBeginDocument code.

*geometry* driver: auto-detecting
*geometry* detected driver: pdftex
*geometry* verbose mode - [ preamble ] result:
* driver: pdftex
* paper: a4paper
* layout: <same size as paper>
* layoutoffset:(h,v)=(0.0pt,0.0pt)
* bindingoffset: 14.22636pt
* modes: includehead includefoot twoside 
* h-part:(L,W,R)=(71.13188pt, 404.02908pt, 108.12054pt)
* v-part:(T,H,B)=(42.67912pt, 759.6886pt, 42.67912pt)
* \paperwidth=597.50787pt
* \paperheight=845.04684pt
* \textwidth=404.02908pt
* \textheight=693.49821pt
* \oddsidemargin=13.08826pt
* \evensidemargin=35.85056pt
* \topmargin=-29.59087pt
* \headheight=18.85364pt
* \headsep=19.8738pt
* \topskip=11.0pt
* \footskip=27.46295pt
* \marginparwidth=116.0pt
* \marginparsep=7.0pt
* \columnsep=10.0pt
* \skip\footins=10.0pt plus 4.0pt minus 2.0pt
* \hoffset=0.0pt
* \voffset=0.0pt
* \mag=1000
* \@twocolumnfalse
* \@twosidetrue
* \@mparswitchtrue
* \@reversemarginfalse
* (1in=72.27pt=25.4mm, 1cm=28.453pt)

Package scrlayer Info: Setting magic \footheight to \baselineskip while
(scrlayer)             \begin{document} on input line 88.
Package scrbase Info: activating english \abbrevname on input line 88.
Package scrbase Info: activating english \byname on input line 88.
Package scrbase Info: activating english \acknowledgementname on input line 88.

Package scrbase Info: activating english \authorshipname on input line 88.
Package scrbase Info: activating english \constantsname on input line 88.
Package scrbase Info: activating english \symbolsname on input line 88.
ABD: EveryShipout initializing macros
\AtBeginShipoutBox=\box63
Package hyperref Info: Link coloring ON on input line 88.

("C:\Program Files\MiKTeX 2.9\tex/latex/hyperref\nameref.sty"
Package: nameref 2016/05/21 v2.44 Cross-referencing by name of section

("C:\Program Files\MiKTeX 2.9\tex/generic/oberdiek\gettitlestring.sty"
Package: gettitlestring 2016/05/16 v1.5 Cleanup title references (HO)
)
\c@section@level=\count344
)
LaTeX Info: Redefining \ref on input line 88.
LaTeX Info: Redefining \pageref on input line 88.
LaTeX Info: Redefining \nameref on input line 88.

(main.out) (main.out)
\@outlinefile=\write4
\openout4 = `main.out'.


1: section
<Logo.jpg, id=122, 1248.8256pt x 299.1978pt>
File: Logo.jpg Graphic file (type jpg)
<use Logo.jpg>
Package pdftex.def Info: Logo.jpg  used on input line 101.
(pdftex.def)             Requested size: 374.65057pt x 89.76003pt.
LaTeX Font Info:    Font shape `T1/ppl/bx/n' in size <20.74> not available
(Font)              Font shape `T1/ppl/b/n' tried instead on input line 106.
[1



{C:/Users/Kai Renken/AppData/Local/MiKTeX/2.9/pdftex/config/pdftex.map} <./Logo
.jpg>] [2

]
--------------------
 Urheberrechtliche Erkl\"arung
--------------------

Underfull \hbox (badness 10000) in paragraph at lines 142--143

 []


Underfull \hbox (badness 10000) in paragraph at lines 142--143

 []


Underfull \hbox (badness 10000) in paragraph at lines 142--143

 []

1: section
LaTeX Font Info:    Try loading font information for OT1+ppl on input line 151.

("C:\Program Files\MiKTeX 2.9\tex/latex/psnfss\ot1ppl.fd"
File: ot1ppl.fd 2001/06/04 font definitions for OT1/ppl.
)
LaTeX Font Info:    Try loading font information for OML+zplm on input line 151
.

("C:\Program Files\MiKTeX 2.9\tex/latex/psnfss\omlzplm.fd"
File: omlzplm.fd 2002/09/08 Fontinst v1.914 font definitions for OML/zplm.
)
LaTeX Font Info:    Try loading font information for OMS+zplm on input line 151
.

("C:\Program Files\MiKTeX 2.9\tex/latex/psnfss\omszplm.fd"
File: omszplm.fd 2002/09/08 Fontinst v1.914 font definitions for OMS/zplm.
)
LaTeX Font Info:    Try loading font information for OMX+zplm on input line 151
.

("C:\Program Files\MiKTeX 2.9\tex/latex/psnfss\omxzplm.fd"
File: omxzplm.fd 2002/09/08 Fontinst v1.914 font definitions for OMX/zplm.
)
LaTeX Font Info:    Font shape `U/msa/m/n' will be
(Font)              scaled to size 11.40997pt on input line 151.
LaTeX Font Info:    Font shape `U/msa/m/n' will be
(Font)              scaled to size 8.33606pt on input line 151.
LaTeX Font Info:    Font shape `U/msa/m/n' will be
(Font)              scaled to size 6.25204pt on input line 151.
LaTeX Font Info:    Font shape `U/msb/m/n' will be
(Font)              scaled to size 11.40997pt on input line 151.
LaTeX Font Info:    Font shape `U/msb/m/n' will be
(Font)              scaled to size 8.33606pt on input line 151.
LaTeX Font Info:    Font shape `U/msb/m/n' will be
(Font)              scaled to size 6.25204pt on input line 151.
LaTeX Font Info:    Try loading font information for OT1+zplm on input line 151
.

("C:\Program Files\MiKTeX 2.9\tex/latex/psnfss\ot1zplm.fd"
File: ot1zplm.fd 2002/09/08 Fontinst v1.914 font definitions for OT1/zplm.
) [3] [4

]
--------------------
 Abstract
--------------------
LaTeX Font Info:    Font shape `T1/ppl/bx/n' in size <10.95> not available
(Font)              Font shape `T1/ppl/b/n' tried instead on input line 159.
1: section
[5

] [6

]
--------------------
 Acknowledgements
--------------------
1: section
[7] [8

]
LaTeX Font Info:    Font shape `T1/ppl/bx/n' in size <24.88> not available
(Font)              Font shape `T1/ppl/b/n' tried instead on input line 175.
 (main.toc)
\tf@toc=\write5
\openout5 = `main.toc'.


1: section
[9] [10

]
1: section
\openout2 = `Chapters/Preliminaries.aux'.

(Chapters/Preliminaries.tex
Chapter 0.
LaTeX Font Info:    Font shape `T1/ppl/bx/n' in size <17.28> not available
(Font)              Font shape `T1/ppl/b/n' tried instead on input line 4.
LaTeX Font Info:    Font shape `T1/ppl/bx/n' in size <14.4> not available
(Font)              Font shape `T1/ppl/b/n' tried instead on input line 10.

Underfull \hbox (badness 10000) in paragraph at lines 12--15

 []

LaTeX Font Info:    Try loading font information for U+fplmbb on input line 27.

("C:\Program Files\MiKTeX 2.9\tex/latex/psnfss\ufplmbb.fd"
File: ufplmbb.fd 2003/10/30 Fontinst v1.914 font definitions for U/fplmbb.
)
1: section
[1


]
Underfull \hbox (badness 10000) in paragraph at lines 40--44

 []


Underfull \hbox (badness 10000) in paragraph at lines 64--69

 []

[2]) [3] [4]
\openout2 = `Chapters/Introduction.aux'.

 (Chapters/Introduction.tex
Chapter 1.

Underfull \hbox (badness 10000) in paragraph at lines 9--13

 []


Underfull \hbox (badness 10000) in paragraph at lines 15--20

 []


Underfull \hbox (badness 10000) in paragraph at lines 22--26

 []

1: section
[5



]
Underfull \hbox (badness 10000) in paragraph at lines 32--39

 []


Underfull \hbox (badness 10000) in paragraph at lines 32--39

 []


Underfull \hbox (badness 10000) in paragraph at lines 44--51

 []


Underfull \hbox (badness 10000) in paragraph at lines 44--51

 []

[6]) [7]
\openout2 = `Chapters/Chapter2.aux'.

 (Chapters/Chapter2.tex [8



]
Chapter 2.
LaTeX Font Info:    Font shape `T1/ppl/bx/it' in size <10.95> not available
(Font)              Font shape `T1/ppl/b/it' tried instead on input line 14.
1: section
[9] (Chapters/Figure1.tex
LaTeX Font Info:    Font shape `U/msa/m/n' will be
(Font)              scaled to size 10.42007pt on input line 32.
LaTeX Font Info:    Font shape `U/msa/m/n' will be
(Font)              scaled to size 7.91925pt on input line 32.
LaTeX Font Info:    Font shape `U/msb/m/n' will be
(Font)              scaled to size 10.42007pt on input line 32.
LaTeX Font Info:    Font shape `U/msb/m/n' will be
(Font)              scaled to size 7.91925pt on input line 32.
) [10] [11]
Underfull \hbox (badness 10000) in paragraph at lines 137--138

 []

[12] [13] [14]
Underfull \hbox (badness 10000) in paragraph at lines 280--284

 []


Overfull \hbox (11.53186pt too wide) in paragraph at lines 303--306
\T1/ppl/m/n/10.95 Note, that if $\OML/zplm/m/it/10.95 k$ \T1/ppl/m/n/10.95 is o
dd, then $\OMS/zplm/m/n/10.95 T[]$ \T1/ppl/m/n/10.95 is ex-actly the same as $\
OMS/zplm/m/n/10.95 T[]$ \T1/ppl/m/n/10.95 for the cochain $\OML/zplm/m/it/10.95
 ' \OT1/zplm/m/n/10.95 = [][]$\T1/ppl/m/n/10.95 .
 []

[15] [16] [17] [18]) [19]
\openout2 = `Chapters/Chapter3.aux'.

 (Chapters/Chapter3.tex [20



]
Chapter 3.
1: section
[21] [22] [23] [24] [25] [26] [27] (Chapters/Figure2.tex) [28] [29] [30]
[31] (Chapters/Figure3.tex)
Overfull \hbox (22.53825pt too wide) in paragraph at lines 373--373
[]\T1/ppl/b/n/14.4 A re-stric-tion on the size of con-nected com-po-nents in Ch
eeger
 []

[32] [33] [34]) [35]
\openout2 = `Chapters/Chapter4.aux'.

 (Chapters/Chapter4.tex [36



]
Chapter 4.
1: section
[37]
LaTeX Font Info:    Font shape `U/msa/m/n' will be
(Font)              scaled to size 9.37807pt on input line 102.
LaTeX Font Info:    Font shape `U/msa/m/n' will be
(Font)              scaled to size 7.29405pt on input line 102.
LaTeX Font Info:    Font shape `U/msa/m/n' will be
(Font)              scaled to size 5.21004pt on input line 102.
LaTeX Font Info:    Font shape `U/msb/m/n' will be
(Font)              scaled to size 9.37807pt on input line 102.
LaTeX Font Info:    Font shape `U/msb/m/n' will be
(Font)              scaled to size 7.29405pt on input line 102.
LaTeX Font Info:    Font shape `U/msb/m/n' will be
(Font)              scaled to size 5.21004pt on input line 102.
 [38] [39]) [40]
\openout2 = `Chapters/Chapter5.aux'.

 (Chapters/Chapter5.tex
Chapter 5.
1: section
[41



] (Chapters/Figure6.tex) [42]) [43] [44]
Underfull \hbox (badness 2772) in paragraph at lines 236--237
[]\T1/ppl/m/n/10.95 Dmitry N. Ko-zlov and Roy Meshu-lam, \T1/ppl/m/it/10.95 Qua
n-ti-ta-tive as-pects of acyclic-ity\T1/ppl/m/n/10.95 ,
 []


Underfull \hbox (badness 3302) in paragraph at lines 238--239
[]\T1/ppl/m/n/10.95 Anders Björner and Mar-tin Tancer, \T1/ppl/m/it/10.95 Com-b
i-na-to-rial Alexan-der Du-al-ity - A
 []

1: section
[1


]
Package atveryend Info: Empty hook `BeforeClearDocument' on input line 244.
Package atveryend Info: Empty hook `AfterLastShipout' on input line 244.
 (main.aux (Chapters/Preliminaries.aux) (Chapters/Introduction.aux)
(Chapters/Chapter2.aux) (Chapters/Chapter3.aux) (Chapters/Chapter4.aux)
(Chapters/Chapter5.aux))
Package atveryend Info: Executing hook `AtVeryEndDocument' on input line 244.
Package atveryend Info: Executing hook `AtEndAfterFileList' on input line 244.
Package rerunfilecheck Info: File `main.out' has not changed.
(rerunfilecheck)             Checksum: BFB455C8F8AFC8F8CFB37D23B05A5D89;6657.


LaTeX Warning: Label(s) may have changed. Rerun to get cross-references right.

 ) 
Here is how much of TeX's memory you used:
 38403 strings out of 492946
 772759 string characters out of 3135510
 835543 words of memory out of 3000000
 41554 multiletter control sequences out of 15000+200000
 608570 words of font info for 182 fonts, out of 3000000 for 9000
 1141 hyphenation exceptions out of 8191
 64i,20n,79p,2621b,765s stack positions out of 5000i,500n,10000p,200000b,50000s
{C:/Program Files/MiKTeX 2.9/fonts/enc/dvips/base/8r.enc}<C:/Program Files/Mi
KTeX 2.9/fonts/type1/public/amsfonts/cm/cmex10.pfb><C:/Program Files/MiKTeX 2.9
/fonts/type1/public/amsfonts/cm/cmmi10.pfb><C:/Program Files/MiKTeX 2.9/fonts/t
ype1/public/amsfonts/cm/cmr10.pfb><C:/Program Files/MiKTeX 2.9/fonts/type1/publ
ic/amsfonts/cm/cmsy10.pfb><C:/Users/Kai Renken/AppData/Roaming/MiKTeX/2.9/fonts
/type1/public/mathpazo/fplmbb.pfb><C:/Users/Kai Renken/AppData/Roaming/MiKTeX/2
.9/fonts/type1/public/mathpazo/fplmr.pfb><C:/Users/Kai Renken/AppData/Roaming/M
iKTeX/2.9/fonts/type1/public/mathpazo/fplmri.pfb><C:/Program Files/MiKTeX 2.9/f
onts/type1/public/amsfonts/symbols/msbm10.pfb><C:/Program Files/MiKTeX 2.9/font
s/type1/urw/palatino/uplb8a.pfb><C:/Program Files/MiKTeX 2.9/fonts/type1/urw/pa
latino/uplbi8a.pfb><C:/Program Files/MiKTeX 2.9/fonts/type1/urw/palatino/uplr8a
.pfb><C:/Program Files/MiKTeX 2.9/fonts/type1/urw/palatino/uplr8a.pfb><C:/Progr
am Files/MiKTeX 2.9/fonts/type1/urw/palatino/uplri8a.pfb>
Output written on main.pdf (55 pages, 482715 bytes).
PDF statistics:
 664 PDF objects out of 1000 (max. 8388607)
 170 named destinations out of 1000 (max. 500000)
 250 words of extra memory for PDF output out of 10000 (max. 10000000)

