This is pdfTeX, Version 3.141592653-2.6-1.40.22 (MiKTeX 21.2) (preloaded format=pdflatex 2021.6.8)  14 JUN 2021 15:11
entering extended mode
**"./Cosystoles and Cheeger Constants of the Simplex.tex"
(Cosystoles and Cheeger Constants of the Simplex.tex
LaTeX2e <2020-10-01> patch level 4
L3 programming layer <2021-02-18> xparse <2020-03-03>
(C:\Users\kaire\AppData\Roaming\MiKTeX\tex/latex/beamer\beamer.cls
Document Class: beamer 2021/05/26 v3.63 A class for typesetting presentations
(C:\Users\kaire\AppData\Roaming\MiKTeX\tex/latex/beamer\beamerbasemodes.sty
(C:\Program Files\MiKTeX\tex/latex/etoolbox\etoolbox.sty
Package: etoolbox 2020/10/05 v2.5k e-TeX tools for LaTeX (JAW)
\etb@tempcnta=\count179
)
\beamer@tempbox=\box47
\beamer@tempcount=\count180
\c@beamerpauses=\count181

(C:\Users\kaire\AppData\Roaming\MiKTeX\tex/latex/beamer\beamerbasedecode.sty
\beamer@slideinframe=\count182
\beamer@minimum=\count183
\beamer@decode@box=\box48
)
\beamer@commentbox=\box49
\beamer@modecount=\count184
)
(C:\Program Files\MiKTeX\tex/generic/iftex\ifpdf.sty
Package: ifpdf 2019/10/25 v3.4 ifpdf legacy package. Use iftex instead.

(C:\Program Files\MiKTeX\tex/generic/iftex\iftex.sty
Package: iftex 2020/03/06 v1.0d TeX engine tests
))
\headdp=\dimen138
\footheight=\dimen139
\sidebarheight=\dimen140
\beamer@tempdim=\dimen141
\beamer@finalheight=\dimen142
\beamer@animht=\dimen143
\beamer@animdp=\dimen144
\beamer@animwd=\dimen145
\beamer@leftmargin=\dimen146
\beamer@rightmargin=\dimen147
\beamer@leftsidebar=\dimen148
\beamer@rightsidebar=\dimen149
\beamer@boxsize=\dimen150
\beamer@vboxoffset=\dimen151
\beamer@descdefault=\dimen152
\beamer@descriptionwidth=\dimen153
\beamer@lastskip=\skip47
\beamer@areabox=\box50
\beamer@animcurrent=\box51
\beamer@animshowbox=\box52
\beamer@sectionbox=\box53
\beamer@logobox=\box54
\beamer@linebox=\box55
\beamer@sectioncount=\count185
\beamer@subsubsectionmax=\count186
\beamer@subsectionmax=\count187
\beamer@sectionmax=\count188
\beamer@totalheads=\count189
\beamer@headcounter=\count190
\beamer@partstartpage=\count191
\beamer@sectionstartpage=\count192
\beamer@subsectionstartpage=\count193
\beamer@animationtempa=\count194
\beamer@animationtempb=\count195
\beamer@xpos=\count196
\beamer@ypos=\count197
\beamer@ypos@offset=\count198
\beamer@showpartnumber=\count199
\beamer@currentsubsection=\count266
\beamer@coveringdepth=\count267
\beamer@sectionadjust=\count268
\beamer@toclastsection=\count269
\beamer@tocsectionnumber=\count270

(C:\Users\kaire\AppData\Roaming\MiKTeX\tex/latex/beamer\beamerbaseoptions.sty
(C:\Program Files\MiKTeX\tex/latex/graphics\keyval.sty
Package: keyval 2014/10/28 v1.15 key=value parser (DPC)
\KV@toks@=\toks15
))
\beamer@paperwidth=\skip48
\beamer@paperheight=\skip49

(C:\Users\kaire\AppData\Roaming\MiKTeX\tex/latex/geometry\geometry.sty
Package: geometry 2020/01/02 v5.9 Page Geometry

(C:\Program Files\MiKTeX\tex/generic/iftex\ifvtex.sty
Package: ifvtex 2019/10/25 v1.7 ifvtex legacy package. Use iftex instead.
)
\Gm@cnth=\count271
\Gm@cntv=\count272
\c@Gm@tempcnt=\count273
\Gm@bindingoffset=\dimen154
\Gm@wd@mp=\dimen155
\Gm@odd@mp=\dimen156
\Gm@even@mp=\dimen157
\Gm@layoutwidth=\dimen158
\Gm@layoutheight=\dimen159
\Gm@layouthoffset=\dimen160
\Gm@layoutvoffset=\dimen161
\Gm@dimlist=\toks16

(C:\Users\kaire\AppData\Roaming\MiKTeX\tex/latex/geometry\geometry.cfg))
(C:\Users\kaire\AppData\Roaming\MiKTeX\tex/latex/extsizes\size9.clo
File: size9.clo 1999/11/11 v1.4a NON-Standard LaTeX file (size option)
)
(C:\Program Files\MiKTeX\tex/latex/pgf/basiclayer\pgfcore.sty
(C:\Program Files\MiKTeX\tex/latex/graphics\graphicx.sty
Package: graphicx 2020/09/09 v1.2b Enhanced LaTeX Graphics (DPC,SPQR)

(C:\Program Files\MiKTeX\tex/latex/graphics\graphics.sty
Package: graphics 2020/08/30 v1.4c Standard LaTeX Graphics (DPC,SPQR)

(C:\Program Files\MiKTeX\tex/latex/graphics\trig.sty
Package: trig 2016/01/03 v1.10 sin cos tan (DPC)
)
(C:\Program Files\MiKTeX\tex/latex/graphics-cfg\graphics.cfg
File: graphics.cfg 2016/06/04 v1.11 sample graphics configuration
)
Package graphics Info: Driver file: pdftex.def on input line 105.

(C:\Program Files\MiKTeX\tex/latex/graphics-def\pdftex.def
File: pdftex.def 2020/10/05 v1.2a Graphics/color driver for pdftex
))
\Gin@req@height=\dimen162
\Gin@req@width=\dimen163
)
(C:\Program Files\MiKTeX\tex/latex/pgf/systemlayer\pgfsys.sty
(C:\Program Files\MiKTeX\tex/latex/pgf/utilities\pgfrcs.sty
(C:\Program Files\MiKTeX\tex/generic/pgf/utilities\pgfutil-common.tex
\pgfutil@everybye=\toks17
\pgfutil@tempdima=\dimen164
\pgfutil@tempdimb=\dimen165

(C:\Program Files\MiKTeX\tex/generic/pgf/utilities\pgfutil-common-lists.tex))
(C:\Program Files\MiKTeX\tex/generic/pgf/utilities\pgfutil-latex.def
\pgfutil@abb=\box56
)
(C:\Program Files\MiKTeX\tex/generic/pgf/utilities\pgfrcs.code.tex
(C:\Program Files\MiKTeX\tex/generic/pgf\pgf.revision.tex)
Package: pgfrcs 2020/12/27 v3.1.8b (3.1.8b)
))
(C:\Program Files\MiKTeX\tex/generic/pgf/systemlayer\pgfsys.code.tex
Package: pgfsys 2020/12/27 v3.1.8b (3.1.8b)

(C:\Program Files\MiKTeX\tex/generic/pgf/utilities\pgfkeys.code.tex
\pgfkeys@pathtoks=\toks18
\pgfkeys@temptoks=\toks19

(C:\Program Files\MiKTeX\tex/generic/pgf/utilities\pgfkeysfiltered.code.tex
\pgfkeys@tmptoks=\toks20
))
\pgf@x=\dimen166
\pgf@y=\dimen167
\pgf@xa=\dimen168
\pgf@ya=\dimen169
\pgf@xb=\dimen170
\pgf@yb=\dimen171
\pgf@xc=\dimen172
\pgf@yc=\dimen173
\pgf@xd=\dimen174
\pgf@yd=\dimen175
\w@pgf@writea=\write3
\r@pgf@reada=\read2
\c@pgf@counta=\count274
\c@pgf@countb=\count275
\c@pgf@countc=\count276
\c@pgf@countd=\count277
\t@pgf@toka=\toks21
\t@pgf@tokb=\toks22
\t@pgf@tokc=\toks23
\pgf@sys@id@count=\count278

(C:\Program Files\MiKTeX\tex/generic/pgf/systemlayer\pgf.cfg
File: pgf.cfg 2020/12/27 v3.1.8b (3.1.8b)
)
Driver file for pgf: pgfsys-pdftex.def

(C:\Program Files\MiKTeX\tex/generic/pgf/systemlayer\pgfsys-pdftex.def
File: pgfsys-pdftex.def 2020/12/27 v3.1.8b (3.1.8b)

(C:\Program Files\MiKTeX\tex/generic/pgf/systemlayer\pgfsys-common-pdf.def
File: pgfsys-common-pdf.def 2020/12/27 v3.1.8b (3.1.8b)
)))
(C:\Program Files\MiKTeX\tex/generic/pgf/systemlayer\pgfsyssoftpath.code.tex
File: pgfsyssoftpath.code.tex 2020/12/27 v3.1.8b (3.1.8b)
\pgfsyssoftpath@smallbuffer@items=\count279
\pgfsyssoftpath@bigbuffer@items=\count280
)
(C:\Program Files\MiKTeX\tex/generic/pgf/systemlayer\pgfsysprotocol.code.tex
File: pgfsysprotocol.code.tex 2020/12/27 v3.1.8b (3.1.8b)
))
(C:\Program Files\MiKTeX\tex/latex/xcolor\xcolor.sty
Package: xcolor 2016/05/11 v2.12 LaTeX color extensions (UK)

(C:\Program Files\MiKTeX\tex/latex/graphics-cfg\color.cfg
File: color.cfg 2016/01/02 v1.6 sample color configuration
)
Package xcolor Info: Driver file: pdftex.def on input line 225.
Package xcolor Info: Model `cmy' substituted by `cmy0' on input line 1348.
Package xcolor Info: Model `hsb' substituted by `rgb' on input line 1352.
Package xcolor Info: Model `RGB' extended on input line 1364.
Package xcolor Info: Model `HTML' substituted by `rgb' on input line 1366.
Package xcolor Info: Model `Hsb' substituted by `hsb' on input line 1367.
Package xcolor Info: Model `tHsb' substituted by `hsb' on input line 1368.
Package xcolor Info: Model `HSB' substituted by `hsb' on input line 1369.
Package xcolor Info: Model `Gray' substituted by `gray' on input line 1370.
Package xcolor Info: Model `wave' substituted by `hsb' on input line 1371.
)
(C:\Program Files\MiKTeX\tex/generic/pgf/basiclayer\pgfcore.code.tex
Package: pgfcore 2020/12/27 v3.1.8b (3.1.8b)

(C:\Program Files\MiKTeX\tex/generic/pgf/math\pgfmath.code.tex
(C:\Program Files\MiKTeX\tex/generic/pgf/math\pgfmathcalc.code.tex
(C:\Program Files\MiKTeX\tex/generic/pgf/math\pgfmathutil.code.tex)
(C:\Program Files\MiKTeX\tex/generic/pgf/math\pgfmathparser.code.tex
\pgfmath@dimen=\dimen176
\pgfmath@count=\count281
\pgfmath@box=\box57
\pgfmath@toks=\toks24
\pgfmath@stack@operand=\toks25
\pgfmath@stack@operation=\toks26
)
(C:\Program Files\MiKTeX\tex/generic/pgf/math\pgfmathfunctions.code.tex
(C:\Program Files\MiKTeX\tex/generic/pgf/math\pgfmathfunctions.basic.code.tex)
(C:\Program Files\MiKTeX\tex/generic/pgf/math\pgfmathfunctions.trigonometric.co
de.tex)
(C:\Program Files\MiKTeX\tex/generic/pgf/math\pgfmathfunctions.random.code.tex)

(C:\Program Files\MiKTeX\tex/generic/pgf/math\pgfmathfunctions.comparison.code.
tex)
(C:\Program Files\MiKTeX\tex/generic/pgf/math\pgfmathfunctions.base.code.tex)
(C:\Program Files\MiKTeX\tex/generic/pgf/math\pgfmathfunctions.round.code.tex)
(C:\Program Files\MiKTeX\tex/generic/pgf/math\pgfmathfunctions.misc.code.tex)
(C:\Program Files\MiKTeX\tex/generic/pgf/math\pgfmathfunctions.integerarithmeti
cs.code.tex)))
(C:\Program Files\MiKTeX\tex/generic/pgf/math\pgfmathfloat.code.tex
\c@pgfmathroundto@lastzeros=\count282
))
(C:\Program Files\MiKTeX\tex/generic/pgf/math\pgfint.code.tex)
(C:\Program Files\MiKTeX\tex/generic/pgf/basiclayer\pgfcorepoints.code.tex
File: pgfcorepoints.code.tex 2020/12/27 v3.1.8b (3.1.8b)
\pgf@picminx=\dimen177
\pgf@picmaxx=\dimen178
\pgf@picminy=\dimen179
\pgf@picmaxy=\dimen180
\pgf@pathminx=\dimen181
\pgf@pathmaxx=\dimen182
\pgf@pathminy=\dimen183
\pgf@pathmaxy=\dimen184
\pgf@xx=\dimen185
\pgf@xy=\dimen186
\pgf@yx=\dimen187
\pgf@yy=\dimen188
\pgf@zx=\dimen189
\pgf@zy=\dimen190
)
(C:\Program Files\MiKTeX\tex/generic/pgf/basiclayer\pgfcorepathconstruct.code.t
ex
File: pgfcorepathconstruct.code.tex 2020/12/27 v3.1.8b (3.1.8b)
\pgf@path@lastx=\dimen191
\pgf@path@lasty=\dimen192
)
(C:\Program Files\MiKTeX\tex/generic/pgf/basiclayer\pgfcorepathusage.code.tex
File: pgfcorepathusage.code.tex 2020/12/27 v3.1.8b (3.1.8b)
\pgf@shorten@end@additional=\dimen193
\pgf@shorten@start@additional=\dimen194
)
(C:\Program Files\MiKTeX\tex/generic/pgf/basiclayer\pgfcorescopes.code.tex
File: pgfcorescopes.code.tex 2020/12/27 v3.1.8b (3.1.8b)
\pgfpic=\box58
\pgf@hbox=\box59
\pgf@layerbox@main=\box60
\pgf@picture@serial@count=\count283
)
(C:\Program Files\MiKTeX\tex/generic/pgf/basiclayer\pgfcoregraphicstate.code.te
x
File: pgfcoregraphicstate.code.tex 2020/12/27 v3.1.8b (3.1.8b)
\pgflinewidth=\dimen195
)
(C:\Program Files\MiKTeX\tex/generic/pgf/basiclayer\pgfcoretransformations.code
.tex
File: pgfcoretransformations.code.tex 2020/12/27 v3.1.8b (3.1.8b)
\pgf@pt@x=\dimen196
\pgf@pt@y=\dimen197
\pgf@pt@temp=\dimen198
) (C:\Program Files\MiKTeX\tex/generic/pgf/basiclayer\pgfcorequick.code.tex
File: pgfcorequick.code.tex 2020/12/27 v3.1.8b (3.1.8b)
) (C:\Program Files\MiKTeX\tex/generic/pgf/basiclayer\pgfcoreobjects.code.tex
File: pgfcoreobjects.code.tex 2020/12/27 v3.1.8b (3.1.8b)
)
(C:\Program Files\MiKTeX\tex/generic/pgf/basiclayer\pgfcorepathprocessing.code.
tex
File: pgfcorepathprocessing.code.tex 2020/12/27 v3.1.8b (3.1.8b)
) (C:\Program Files\MiKTeX\tex/generic/pgf/basiclayer\pgfcorearrows.code.tex
File: pgfcorearrows.code.tex 2020/12/27 v3.1.8b (3.1.8b)
\pgfarrowsep=\dimen199
) (C:\Program Files\MiKTeX\tex/generic/pgf/basiclayer\pgfcoreshade.code.tex
File: pgfcoreshade.code.tex 2020/12/27 v3.1.8b (3.1.8b)
\pgf@max=\dimen256
\pgf@sys@shading@range@num=\count284
\pgf@shadingcount=\count285
)
(C:\Program Files\MiKTeX\tex/generic/pgf/basiclayer\pgfcoreimage.code.tex
File: pgfcoreimage.code.tex 2020/12/27 v3.1.8b (3.1.8b)

(C:\Program Files\MiKTeX\tex/generic/pgf/basiclayer\pgfcoreexternal.code.tex
File: pgfcoreexternal.code.tex 2020/12/27 v3.1.8b (3.1.8b)
\pgfexternal@startupbox=\box61
))
(C:\Program Files\MiKTeX\tex/generic/pgf/basiclayer\pgfcorelayers.code.tex
File: pgfcorelayers.code.tex 2020/12/27 v3.1.8b (3.1.8b)
)
(C:\Program Files\MiKTeX\tex/generic/pgf/basiclayer\pgfcoretransparency.code.te
x
File: pgfcoretransparency.code.tex 2020/12/27 v3.1.8b (3.1.8b)
) (C:\Program Files\MiKTeX\tex/generic/pgf/basiclayer\pgfcorepatterns.code.tex
File: pgfcorepatterns.code.tex 2020/12/27 v3.1.8b (3.1.8b)
) (C:\Program Files\MiKTeX\tex/generic/pgf/basiclayer\pgfcorerdf.code.tex
File: pgfcorerdf.code.tex 2020/12/27 v3.1.8b (3.1.8b)
)))
(C:\Program Files\MiKTeX\tex/latex/pgf/utilities\xxcolor.sty
Package: xxcolor 2003/10/24 ver 0.1
\XC@nummixins=\count286
\XC@countmixins=\count287
)
(C:\Program Files\MiKTeX\tex/latex/base\atbegshi-ltx.sty
Package: atbegshi-ltx 2020/08/17 v1.0a Emulation of the original atbegshi packa
ge
with kernel methods
)
(C:\Program Files\MiKTeX\tex/latex/hyperref\hyperref.sty
Package: hyperref 2021-02-27 v7.00k Hypertext links for LaTeX

(C:\Users\kaire\AppData\Roaming\MiKTeX\tex/generic/ltxcmds\ltxcmds.sty
Package: ltxcmds 2020-05-10 v1.25 LaTeX kernel commands for general use (HO)
)
(C:\Program Files\MiKTeX\tex/generic/pdftexcmds\pdftexcmds.sty
Package: pdftexcmds 2020-06-27 v0.33 Utility functions of pdfTeX for LuaTeX (HO
)

(C:\Users\kaire\AppData\Roaming\MiKTeX\tex/generic/infwarerr\infwarerr.sty
Package: infwarerr 2019/12/03 v1.5 Providing info/warning/error messages (HO)
)
Package pdftexcmds Info: \pdf@primitive is available.
Package pdftexcmds Info: \pdf@ifprimitive is available.
Package pdftexcmds Info: \pdfdraftmode found.
)
(C:\Users\kaire\AppData\Roaming\MiKTeX\tex/generic/kvsetkeys\kvsetkeys.sty
Package: kvsetkeys 2019/12/15 v1.18 Key value parser (HO)
)
(C:\Users\kaire\AppData\Roaming\MiKTeX\tex/generic/kvdefinekeys\kvdefinekeys.st
y
Package: kvdefinekeys 2019-12-19 v1.6 Define keys (HO)
) (C:\Users\kaire\AppData\Roaming\MiKTeX\tex/generic/pdfescape\pdfescape.sty
Package: pdfescape 2019/12/09 v1.15 Implements pdfTeX's escape features (HO)
)
(C:\Users\kaire\AppData\Roaming\MiKTeX\tex/latex/hycolor\hycolor.sty
Package: hycolor 2020-01-27 v1.10 Color options for hyperref/bookmark (HO)
)
(C:\Users\kaire\AppData\Roaming\MiKTeX\tex/latex/letltxmacro\letltxmacro.sty
Package: letltxmacro 2019/12/03 v1.6 Let assignment for LaTeX macros (HO)
)
(C:\Users\kaire\AppData\Roaming\MiKTeX\tex/latex/auxhook\auxhook.sty
Package: auxhook 2019-12-17 v1.6 Hooks for auxiliary files (HO)
)
(C:\Users\kaire\AppData\Roaming\MiKTeX\tex/latex/kvoptions\kvoptions.sty
Package: kvoptions 2020-10-07 v3.14 Key value format for package options (HO)
)
\@linkdim=\dimen257
\Hy@linkcounter=\count288
\Hy@pagecounter=\count289

(C:\Program Files\MiKTeX\tex/latex/hyperref\pd1enc.def
File: pd1enc.def 2021-02-27 v7.00k Hyperref: PDFDocEncoding definition (HO)
Now handling font encoding PD1 ...
... no UTF-8 mapping file for font encoding PD1
)
(C:\Program Files\MiKTeX\tex/latex/hyperref\hyperref-langpatches.def
File: hyperref-langpatches.def 2021-02-27 v7.00k Hyperref: patches for babel la
nguages
)
(C:\Users\kaire\AppData\Roaming\MiKTeX\tex/generic/intcalc\intcalc.sty
Package: intcalc 2019/12/15 v1.3 Expandable calculations with integers (HO)
)
(C:\Users\kaire\AppData\Roaming\MiKTeX\tex/generic/etexcmds\etexcmds.sty
Package: etexcmds 2019/12/15 v1.7 Avoid name clashes with e-TeX commands (HO)
)
\Hy@SavedSpaceFactor=\count290

(C:\Program Files\MiKTeX\tex/latex/hyperref\puenc.def
File: puenc.def 2021-02-27 v7.00k Hyperref: PDF Unicode definition (HO)
Now handling font encoding PU ...
... no UTF-8 mapping file for font encoding PU
)
Package hyperref Info: Option `bookmarks' set `true' on input line 4073.
Package hyperref Info: Option `bookmarksopen' set `true' on input line 4073.
Package hyperref Info: Option `implicit' set `false' on input line 4073.
Package hyperref Info: Hyper figures OFF on input line 4192.
Package hyperref Info: Link nesting OFF on input line 4197.
Package hyperref Info: Hyper index ON on input line 4200.
Package hyperref Info: Plain pages OFF on input line 4207.
Package hyperref Info: Backreferencing OFF on input line 4212.
Package hyperref Info: Implicit mode OFF; no redefinition of LaTeX internals.
Package hyperref Info: Bookmarks ON on input line 4445.
\c@Hy@tempcnt=\count291

(C:\Program Files\MiKTeX\tex/latex/url\url.sty
\Urlmuskip=\muskip16
Package: url 2013/09/16  ver 3.4  Verb mode for urls, etc.
)
LaTeX Info: Redefining \url on input line 4804.
\XeTeXLinkMargin=\dimen258

(C:\Users\kaire\AppData\Roaming\MiKTeX\tex/generic/bitset\bitset.sty
Package: bitset 2019/12/09 v1.3 Handle bit-vector datatype (HO)

(C:\Users\kaire\AppData\Roaming\MiKTeX\tex/generic/bigintcalc\bigintcalc.sty
Package: bigintcalc 2019/12/15 v1.5 Expandable calculations on big integers (HO
)
))
\Fld@menulength=\count292
\Field@Width=\dimen259
\Fld@charsize=\dimen260
Package hyperref Info: Hyper figures OFF on input line 6075.
Package hyperref Info: Link nesting OFF on input line 6080.
Package hyperref Info: Hyper index ON on input line 6083.
Package hyperref Info: backreferencing OFF on input line 6090.
Package hyperref Info: Link coloring OFF on input line 6095.
Package hyperref Info: Link coloring with OCG OFF on input line 6100.
Package hyperref Info: PDF/A mode OFF on input line 6105.
LaTeX Info: Redefining \ref on input line 6145.
LaTeX Info: Redefining \pageref on input line 6149.
\Hy@abspage=\count293


Package hyperref Message: Stopped early.

)
Package hyperref Info: Driver (autodetected): hpdftex.
 (C:\Program Files\MiKTeX\tex/latex/hyperref\hpdftex.def
File: hpdftex.def 2021-02-27 v7.00k Hyperref driver for pdfTeX

(C:\Program Files\MiKTeX\tex/latex/base\atveryend-ltx.sty
Package: atveryend-ltx 2020/08/19 v1.0a Emulation of the original atvery packag
e
with kernel methods
)
\Fld@listcount=\count294
\c@bookmark@seq@number=\count295

(C:\Users\kaire\AppData\Roaming\MiKTeX\tex/latex/rerunfilecheck\rerunfilecheck.
sty
Package: rerunfilecheck 2019/12/05 v1.9 Rerun checks for auxiliary files (HO)

(C:\Users\kaire\AppData\Roaming\MiKTeX\tex/generic/uniquecounter\uniquecounter.
sty
Package: uniquecounter 2019/12/15 v1.4 Provide unlimited unique counter (HO)
)
Package uniquecounter Info: New unique counter `rerunfilecheck' on input line 2
86.
))
(C:\Users\kaire\AppData\Roaming\MiKTeX\tex/latex/beamer\beamerbaserequires.sty
(C:\Users\kaire\AppData\Roaming\MiKTeX\tex/latex/beamer\beamerbasecompatibility
.sty)
(C:\Users\kaire\AppData\Roaming\MiKTeX\tex/latex/beamer\beamerbasefont.sty
(C:\Program Files\MiKTeX\tex/latex/amsfonts\amssymb.sty
Package: amssymb 2013/01/14 v3.01 AMS font symbols

(C:\Program Files\MiKTeX\tex/latex/amsfonts\amsfonts.sty
Package: amsfonts 2013/01/14 v3.01 Basic AMSFonts support
\@emptytoks=\toks27
\symAMSa=\mathgroup4
\symAMSb=\mathgroup5
LaTeX Font Info:    Redeclaring math symbol \hbar on input line 98.
LaTeX Font Info:    Overwriting math alphabet `\mathfrak' in version `bold'
(Font)                  U/euf/m/n --> U/euf/b/n on input line 106.
))
(C:\Users\kaire\AppData\Roaming\MiKTeX\tex/latex/sansmathaccent\sansmathaccent.
sty
Package: sansmathaccent 2020/01/31
 (C:\Users\kaire\AppData\Roaming\MiKTeX\tex/latex/koma-script\scrlfile.sty
Package: scrlfile 2021/03/17 v3.33 KOMA-Script package (file load hooks)

(C:\Users\kaire\AppData\Roaming\MiKTeX\tex/latex/koma-script\scrlfile-hook.sty
Package: scrlfile-hook 2021/03/17 v3.33 KOMA-Script package (using LaTeX hooks)


LaTeX3 Info: Defining command \BeforeFile with sig. 'm' on line 61.


LaTeX3 Info: Defining command \AfterFile with sig. 'm' on line 65.


LaTeX3 Info: Defining command \BeforeClass with sig. 'm' on line 69.


LaTeX3 Info: Defining command \BeforePackage with sig. 'm' on line 73.


LaTeX3 Info: Defining command \AfterAtEndOfClass with sig. 'smo+m' on line 83.


LaTeX3 Info: Defining command \AfterAtEndOfPackage with sig. 'smo+m' on line
(LaTeX3)     93.


LaTeX3 Info: Defining command \scrlfile@AfterClass with sig. 'smo+m' on line
(LaTeX3)     173.


LaTeX3 Info: Defining command \AfterClass with sig. '' on line 174.


LaTeX3 Info: Defining command \scrlfile@AfterPackage with sig. 'smo+m' on line
(LaTeX3)     191.


LaTeX3 Info: Defining command \AfterPackage with sig. '' on line 192.


LaTeX3 Info: Defining command \ReplaceInput with sig. '' on line 193.


LaTeX3 Info: Defining command \ReplaceClass with sig. 'mm' on line 196.


LaTeX3 Info: Defining command \ReplacePackage with sig. 'mm' on line 199.


LaTeX3 Info: Defining command \UnReplaceInput with sig. '' on line 200.


LaTeX3 Info: Defining command \UnReplaceClass with sig. 'm' on line 203.


LaTeX3 Info: Defining command \UnReplacePackage with sig. 'mm' on line 206.


LaTeX3 Info: Defining command \PreventPackageFromLoading with sig. 's+om' on
(LaTeX3)     line 234.


LaTeX3 Info: Defining command \StorePreventPackageFromLoading with sig. 'm' on
(LaTeX3)     line 242.


LaTeX3 Info: Defining command \ResetPreventPackageFromLoading with sig. '' on
(LaTeX3)     line 247.


LaTeX3 Info: Defining command \UnPreventPackageFromLoading with sig. 'sm' on
(LaTeX3)     line 261.


LaTeX3 Info: Defining command \BeforeClosingMainAux with sig. 'om' on line
(LaTeX3)     274.


LaTeX3 Info: Defining command \AfterReadingMainAux with sig. 'om' on line 287.


LaTeX3 Info: Defining command \protected@immediate@write with sig. 'm+m+m' on
(LaTeX3)     line 298.


(C:\Users\kaire\AppData\Roaming\MiKTeX\tex/latex/koma-script\scrlogo.sty
Package: scrlogo 2021/03/17 v3.33 KOMA-Script package (logo)
)))))
(C:\Users\kaire\AppData\Roaming\MiKTeX\tex/latex/beamer\beamerbasetranslator.st
y (C:\Users\kaire\AppData\Roaming\MiKTeX\tex/latex/translator\translator.sty
Package: translator 2021-05-31 v1.12d Easy translation of strings in LaTeX
))
(C:\Users\kaire\AppData\Roaming\MiKTeX\tex/latex/beamer\beamerbasemisc.sty)
(C:\Users\kaire\AppData\Roaming\MiKTeX\tex/latex/beamer\beamerbasetwoscreens.st
y)
(C:\Users\kaire\AppData\Roaming\MiKTeX\tex/latex/beamer\beamerbaseoverlay.sty
\beamer@argscount=\count296
\beamer@lastskipcover=\skip50
\beamer@trivlistdepth=\count297
)
(C:\Users\kaire\AppData\Roaming\MiKTeX\tex/latex/beamer\beamerbasetitle.sty)
(C:\Users\kaire\AppData\Roaming\MiKTeX\tex/latex/beamer\beamerbasesection.sty
\c@lecture=\count298
\c@part=\count299
\c@section=\count300
\c@subsection=\count301
\c@subsubsection=\count302
)
(C:\Users\kaire\AppData\Roaming\MiKTeX\tex/latex/beamer\beamerbaseframe.sty
\beamer@framebox=\box62
\beamer@frametitlebox=\box63
\beamer@zoombox=\box64
\beamer@zoomcount=\count303
\beamer@zoomframecount=\count304
\beamer@frametextheight=\dimen261
\c@subsectionslide=\count305
\beamer@frametopskip=\skip51
\beamer@framebottomskip=\skip52
\beamer@frametopskipautobreak=\skip53
\beamer@framebottomskipautobreak=\skip54
\beamer@envbody=\toks28
\framewidth=\dimen262
\c@framenumber=\count306
)
(C:\Users\kaire\AppData\Roaming\MiKTeX\tex/latex/beamer\beamerbaseverbatim.sty
\beamer@verbatimfileout=\write4
)
(C:\Users\kaire\AppData\Roaming\MiKTeX\tex/latex/beamer\beamerbaseframesize.sty
\beamer@splitbox=\box65
\beamer@autobreakcount=\count307
\beamer@autobreaklastheight=\dimen263
\beamer@frametitletoks=\toks29
\beamer@framesubtitletoks=\toks30
)
(C:\Users\kaire\AppData\Roaming\MiKTeX\tex/latex/beamer\beamerbaseframecomponen
ts.sty
\beamer@footins=\box66
)
(C:\Users\kaire\AppData\Roaming\MiKTeX\tex/latex/beamer\beamerbasecolor.sty)
(C:\Users\kaire\AppData\Roaming\MiKTeX\tex/latex/beamer\beamerbasenotes.sty
\beamer@frameboxcopy=\box67
)
(C:\Users\kaire\AppData\Roaming\MiKTeX\tex/latex/beamer\beamerbasetoc.sty)
(C:\Users\kaire\AppData\Roaming\MiKTeX\tex/latex/beamer\beamerbasetemplates.sty
\beamer@sbttoks=\toks31

(C:\Users\kaire\AppData\Roaming\MiKTeX\tex/latex/beamer\beamerbaseauxtemplates.
sty (C:\Users\kaire\AppData\Roaming\MiKTeX\tex/latex/beamer\beamerbaseboxes.sty
\bmb@box=\box68
\bmb@colorbox=\box69
\bmb@boxwidth=\dimen264
\bmb@boxheight=\dimen265
\bmb@prevheight=\dimen266
\bmb@temp=\dimen267
\bmb@dima=\dimen268
\bmb@dimb=\dimen269
\bmb@prevheight=\dimen270
)
\beamer@blockheadheight=\dimen271
))
(C:\Users\kaire\AppData\Roaming\MiKTeX\tex/latex/beamer\beamerbaselocalstructur
e.sty (C:\Program Files\MiKTeX\tex/latex/latex-tools\enumerate.sty
Package: enumerate 2015/07/23 v3.00 enumerate extensions (DPC)
\@enLab=\toks32
)
\beamer@bibiconwidth=\skip55
\c@figure=\count308
\c@table=\count309
\abovecaptionskip=\skip56
\belowcaptionskip=\skip57
)
(C:\Users\kaire\AppData\Roaming\MiKTeX\tex/latex/beamer\beamerbasenavigation.st
y
\beamer@section@min@dim=\dimen272
)
(C:\Users\kaire\AppData\Roaming\MiKTeX\tex/latex/beamer\beamerbasetheorems.sty
(C:\Program Files\MiKTeX\tex/latex/amsmath\amsmath.sty
Package: amsmath 2020/09/23 v2.17i AMS math features
\@mathmargin=\skip58

For additional information on amsmath, use the `?' option.
(C:\Program Files\MiKTeX\tex/latex/amsmath\amstext.sty
Package: amstext 2000/06/29 v2.01 AMS text

(C:\Program Files\MiKTeX\tex/latex/amsmath\amsgen.sty
File: amsgen.sty 1999/11/30 v2.0 generic functions
\@emptytoks=\toks33
\ex@=\dimen273
))
(C:\Program Files\MiKTeX\tex/latex/amsmath\amsbsy.sty
Package: amsbsy 1999/11/29 v1.2d Bold Symbols
\pmbraise@=\dimen274
)
(C:\Program Files\MiKTeX\tex/latex/amsmath\amsopn.sty
Package: amsopn 2016/03/08 v2.02 operator names
)
\inf@bad=\count310
LaTeX Info: Redefining \frac on input line 234.
\uproot@=\count311
\leftroot@=\count312
LaTeX Info: Redefining \overline on input line 399.
\classnum@=\count313
\DOTSCASE@=\count314
LaTeX Info: Redefining \ldots on input line 496.
LaTeX Info: Redefining \dots on input line 499.
LaTeX Info: Redefining \cdots on input line 620.
\Mathstrutbox@=\box70
\strutbox@=\box71
\big@size=\dimen275
LaTeX Font Info:    Redeclaring font encoding OML on input line 743.
LaTeX Font Info:    Redeclaring font encoding OMS on input line 744.
\macc@depth=\count315
\c@MaxMatrixCols=\count316
\dotsspace@=\muskip17
\c@parentequation=\count317
\dspbrk@lvl=\count318
\tag@help=\toks34
\row@=\count319
\column@=\count320
\maxfields@=\count321
\andhelp@=\toks35
\eqnshift@=\dimen276
\alignsep@=\dimen277
\tagshift@=\dimen278
\tagwidth@=\dimen279
\totwidth@=\dimen280
\lineht@=\dimen281
\@envbody=\toks36
\multlinegap=\skip59
\multlinetaggap=\skip60
\mathdisplay@stack=\toks37
LaTeX Info: Redefining \[ on input line 2923.
LaTeX Info: Redefining \] on input line 2924.
)
(C:\Users\kaire\AppData\Roaming\MiKTeX\tex/latex/amscls\amsthm.sty
Package: amsthm 2020/05/29 v2.20.6
\thm@style=\toks38
\thm@bodyfont=\toks39
\thm@headfont=\toks40
\thm@notefont=\toks41
\thm@headpunct=\toks42
\thm@preskip=\skip61
\thm@postskip=\skip62
\thm@headsep=\skip63
\dth@everypar=\toks43
)
\c@theorem=\count322
)
(C:\Users\kaire\AppData\Roaming\MiKTeX\tex/latex/beamer\beamerbasethemes.sty))
(C:\Users\kaire\AppData\Roaming\MiKTeX\tex/latex/beamer\beamerthemedefault.sty
(C:\Users\kaire\AppData\Roaming\MiKTeX\tex/latex/beamer\beamerfontthemedefault.
sty)
(C:\Users\kaire\AppData\Roaming\MiKTeX\tex/latex/beamer\beamercolorthemedefault
.sty)
(C:\Users\kaire\AppData\Roaming\MiKTeX\tex/latex/beamer\beamerinnerthemedefault
.sty
\beamer@dima=\dimen282
\beamer@dimb=\dimen283
)
(C:\Users\kaire\AppData\Roaming\MiKTeX\tex/latex/beamer\beamerouterthemedefault
.sty))) (beamerthemealta.sty (beamercolorthemealta.sty)
(beamerinnerthemealta.sty) (beamerouterthemealta.sty
(C:\Program Files\MiKTeX\tex/latex/pgf/basiclayer\pgf.sty
Package: pgf 2020/12/27 v3.1.8b (3.1.8b)

(C:\Program Files\MiKTeX\tex/generic/pgf/modules\pgfmoduleshapes.code.tex
File: pgfmoduleshapes.code.tex 2020/12/27 v3.1.8b (3.1.8b)
\pgfnodeparttextbox=\box72
)
(C:\Program Files\MiKTeX\tex/generic/pgf/modules\pgfmoduleplot.code.tex
File: pgfmoduleplot.code.tex 2020/12/27 v3.1.8b (3.1.8b)
)
(C:\Program Files\MiKTeX\tex/latex/pgf/compatibility\pgfcomp-version-0-65.sty
Package: pgfcomp-version-0-65 2020/12/27 v3.1.8b (3.1.8b)
\pgf@nodesepstart=\dimen284
\pgf@nodesepend=\dimen285
)
(C:\Program Files\MiKTeX\tex/latex/pgf/compatibility\pgfcomp-version-1-18.sty
Package: pgfcomp-version-1-18 2020/12/27 v3.1.8b (3.1.8b)
))
\beamerheadlinerulewidth=\skip64
)) (C:\Program Files\MiKTeX\tex/latex/pgf/frontendlayer\tikz.sty
(C:\Program Files\MiKTeX\tex/latex/pgf/utilities\pgffor.sty
(C:\Program Files\MiKTeX\tex/latex/pgf/utilities\pgfkeys.sty
(C:\Program Files\MiKTeX\tex/generic/pgf/utilities\pgfkeys.code.tex))
(C:\Program Files\MiKTeX\tex/latex/pgf/math\pgfmath.sty
(C:\Program Files\MiKTeX\tex/generic/pgf/math\pgfmath.code.tex))
(C:\Program Files\MiKTeX\tex/generic/pgf/utilities\pgffor.code.tex
Package: pgffor 2020/12/27 v3.1.8b (3.1.8b)

(C:\Program Files\MiKTeX\tex/generic/pgf/math\pgfmath.code.tex)
\pgffor@iter=\dimen286
\pgffor@skip=\dimen287
\pgffor@stack=\toks44
\pgffor@toks=\toks45
))
(C:\Program Files\MiKTeX\tex/generic/pgf/frontendlayer/tikz\tikz.code.tex
Package: tikz 2020/12/27 v3.1.8b (3.1.8b)

(C:\Program Files\MiKTeX\tex/generic/pgf/libraries\pgflibraryplothandlers.code.
tex
File: pgflibraryplothandlers.code.tex 2020/12/27 v3.1.8b (3.1.8b)
\pgf@plot@mark@count=\count323
\pgfplotmarksize=\dimen288
)
\tikz@lastx=\dimen289
\tikz@lasty=\dimen290
\tikz@lastxsaved=\dimen291
\tikz@lastysaved=\dimen292
\tikz@lastmovetox=\dimen293
\tikz@lastmovetoy=\dimen294
\tikzleveldistance=\dimen295
\tikzsiblingdistance=\dimen296
\tikz@figbox=\box73
\tikz@figbox@bg=\box74
\tikz@tempbox=\box75
\tikz@tempbox@bg=\box76
\tikztreelevel=\count324
\tikznumberofchildren=\count325
\tikznumberofcurrentchild=\count326
\tikz@fig@count=\count327
 (C:\Program Files\MiKTeX\tex/generic/pgf/modules\pgfmodulematrix.code.tex
File: pgfmodulematrix.code.tex 2020/12/27 v3.1.8b (3.1.8b)
\pgfmatrixcurrentrow=\count328
\pgfmatrixcurrentcolumn=\count329
\pgf@matrix@numberofcolumns=\count330
)
\tikz@expandcount=\count331

(C:\Program Files\MiKTeX\tex/generic/pgf/frontendlayer/tikz/libraries\tikzlibra
rytopaths.code.tex
File: tikzlibrarytopaths.code.tex 2020/12/27 v3.1.8b (3.1.8b)
)))
(C:\Users\kaire\AppData\Roaming\MiKTeX\tex/latex/mathtools\mathtools.sty
Package: mathtools 2021/04/12 v1.27 mathematical typesetting tools

(C:\Program Files\MiKTeX\tex/latex/latex-tools\calc.sty
Package: calc 2017/05/25 v4.3 Infix arithmetic (KKT,FJ)
\calc@Acount=\count332
\calc@Bcount=\count333
\calc@Adimen=\dimen297
\calc@Bdimen=\dimen298
\calc@Askip=\skip65
\calc@Bskip=\skip66
LaTeX Info: Redefining \setlength on input line 80.
LaTeX Info: Redefining \addtolength on input line 81.
\calc@Ccount=\count334
\calc@Cskip=\skip67
)
(C:\Users\kaire\AppData\Roaming\MiKTeX\tex/latex/mathtools\mhsetup.sty
Package: mhsetup 2021/03/18 v1.4 programming setup (MH)
)
LaTeX Info: Thecontrolsequence`\('isalreadyrobust on input line 130.
LaTeX Info: Thecontrolsequence`\)'isalreadyrobust on input line 130.
LaTeX Info: Thecontrolsequence`\['isalreadyrobust on input line 130.
LaTeX Info: Thecontrolsequence`\]'isalreadyrobust on input line 130.
\g_MT_multlinerow_int=\count335
\l_MT_multwidth_dim=\dimen299
\origjot=\skip68
\l_MT_shortvdotswithinadjustabove_dim=\dimen300
\l_MT_shortvdotswithinadjustbelow_dim=\dimen301
\l_MT_above_intertext_sep=\dimen302
\l_MT_below_intertext_sep=\dimen303
\l_MT_above_shortintertext_sep=\dimen304
\l_MT_below_shortintertext_sep=\dimen305
\xmathstrut@box=\box77
\xmathstrut@dim=\dimen306
)
\c@conj=\count336
\c@cor=\count337

(C:\Program Files\MiKTeX\tex/latex/l3backend\l3backend-pdftex.def
File: l3backend-pdftex.def 2021-03-02 L3 backend support: PDF output (pdfTeX)
\l__color_backend_stack_int=\count338
\l__pdf_internal_box=\box78
)
(Cosystoles and Cheeger Constants of the Simplex.aux)
\openout1 = `"Cosystoles and Cheeger Constants of the Simplex.aux"'.

LaTeX Font Info:    Checking defaults for OML/cmm/m/it on input line 13.
LaTeX Font Info:    ... okay on input line 13.
LaTeX Font Info:    Checking defaults for OMS/cmsy/m/n on input line 13.
LaTeX Font Info:    ... okay on input line 13.
LaTeX Font Info:    Checking defaults for OT1/cmr/m/n on input line 13.
LaTeX Font Info:    ... okay on input line 13.
LaTeX Font Info:    Checking defaults for T1/cmr/m/n on input line 13.
LaTeX Font Info:    ... okay on input line 13.
LaTeX Font Info:    Checking defaults for TS1/cmr/m/n on input line 13.
LaTeX Font Info:    ... okay on input line 13.
LaTeX Font Info:    Checking defaults for OMX/cmex/m/n on input line 13.
LaTeX Font Info:    ... okay on input line 13.
LaTeX Font Info:    Checking defaults for U/cmr/m/n on input line 13.
LaTeX Font Info:    ... okay on input line 13.
LaTeX Font Info:    Checking defaults for PD1/pdf/m/n on input line 13.
LaTeX Font Info:    ... okay on input line 13.
LaTeX Font Info:    Checking defaults for PU/pdf/m/n on input line 13.
LaTeX Font Info:    ... okay on input line 13.

*geometry* driver: auto-detecting
*geometry* detected driver: pdftex
*geometry* verbose mode - [ preamble ] result:
* driver: pdftex
* paper: custom
* layout: <same size as paper>
* layoutoffset:(h,v)=(0.0pt,0.0pt)
* modes: includehead includefoot 
* h-part:(L,W,R)=(28.45274pt, 307.28987pt, 28.45274pt)
* v-part:(T,H,B)=(0.0pt, 273.14662pt, 0.0pt)
* \paperwidth=364.19536pt
* \paperheight=273.14662pt
* \textwidth=307.28987pt
* \textheight=244.6939pt
* \oddsidemargin=-43.81725pt
* \evensidemargin=-43.81725pt
* \topmargin=-72.26999pt
* \headheight=14.22636pt
* \headsep=0.0pt
* \topskip=9.0pt
* \footskip=14.22636pt
* \marginparwidth=4.0pt
* \marginparsep=10.0pt
* \columnsep=10.0pt
* \skip\footins=8.0pt plus 4.0pt minus 2.0pt
* \hoffset=0.0pt
* \voffset=0.0pt
* \mag=1000
* \@twocolumnfalse
* \@twosidefalse
* \@mparswitchfalse
* \@reversemarginfalse
* (1in=72.27pt=25.4mm, 1cm=28.453pt)

(C:\Program Files\MiKTeX\tex/context/base/mkii\supp-pdf.mkii
[Loading MPS to PDF converter (version 2006.09.02).]
\scratchcounter=\count339
\scratchdimen=\dimen307
\scratchbox=\box79
\nofMPsegments=\count340
\nofMParguments=\count341
\everyMPshowfont=\toks46
\MPscratchCnt=\count342
\MPscratchDim=\dimen308
\MPnumerator=\count343
\makeMPintoPDFobject=\count344
\everyMPtoPDFconversion=\toks47
) (C:\Program Files\MiKTeX\tex/latex/epstopdf-pkg\epstopdf-base.sty
Package: epstopdf-base 2020-01-24 v2.11 Base part for package epstopdf
Package epstopdf-base Info: Redefining graphics rule for `.eps' on input line 4
85.
)
Package hyperref Info: Link coloring OFF on input line 13.

(C:\Program Files\MiKTeX\tex/latex/hyperref\nameref.sty
Package: nameref 2021-04-02 v2.47 Cross-referencing by name of section

(C:\Users\kaire\AppData\Roaming\MiKTeX\tex/latex/refcount\refcount.sty
Package: refcount 2019/12/15 v3.6 Data extraction from label references (HO)
)
(C:\Users\kaire\AppData\Roaming\MiKTeX\tex/generic/gettitlestring\gettitlestrin
g.sty
Package: gettitlestring 2019/12/15 v1.6 Cleanup title references (HO)
)
\c@section@level=\count345
)
LaTeX Info: Redefining \ref on input line 13.
LaTeX Info: Redefining \pageref on input line 13.
LaTeX Info: Redefining \nameref on input line 13.
 (Cosystoles and Cheeger Constants of the Simplex.out)
(Cosystoles and Cheeger Constants of the Simplex.out)
\@outlinefile=\write5
\openout5 = `"Cosystoles and Cheeger Constants of the Simplex.out"'.

LaTeX Font Info:    Overwriting symbol font `operators' in version `normal'
(Font)                  OT1/cmr/m/n --> OT1/cmss/m/n on input line 13.
LaTeX Font Info:    Overwriting symbol font `operators' in version `bold'
(Font)                  OT1/cmr/bx/n --> OT1/cmss/b/n on input line 13.
\symnumbers=\mathgroup6
\sympureletters=\mathgroup7
LaTeX Font Info:    Overwriting math alphabet `\mathrm' in version `normal'
(Font)                  OT1/cmss/m/n --> OT1/cmr/m/n on input line 13.
LaTeX Font Info:    Redeclaring math alphabet \mathbf on input line 13.
LaTeX Font Info:    Overwriting math alphabet `\mathbf' in version `normal'
(Font)                  OT1/cmr/bx/n --> OT1/cmss/b/n on input line 13.
LaTeX Font Info:    Overwriting math alphabet `\mathbf' in version `bold'
(Font)                  OT1/cmr/bx/n --> OT1/cmss/b/n on input line 13.
LaTeX Font Info:    Redeclaring math alphabet \mathsf on input line 13.
LaTeX Font Info:    Overwriting math alphabet `\mathsf' in version `normal'
(Font)                  OT1/cmss/m/n --> OT1/cmss/m/n on input line 13.
LaTeX Font Info:    Overwriting math alphabet `\mathsf' in version `bold'
(Font)                  OT1/cmss/bx/n --> OT1/cmss/m/n on input line 13.
LaTeX Font Info:    Redeclaring math alphabet \mathit on input line 13.
LaTeX Font Info:    Overwriting math alphabet `\mathit' in version `normal'
(Font)                  OT1/cmr/m/it --> OT1/cmss/m/it on input line 13.
LaTeX Font Info:    Overwriting math alphabet `\mathit' in version `bold'
(Font)                  OT1/cmr/bx/it --> OT1/cmss/m/it on input line 13.
LaTeX Font Info:    Redeclaring math alphabet \mathtt on input line 13.
LaTeX Font Info:    Overwriting math alphabet `\mathtt' in version `normal'
(Font)                  OT1/cmtt/m/n --> OT1/cmtt/m/n on input line 13.
LaTeX Font Info:    Overwriting math alphabet `\mathtt' in version `bold'
(Font)                  OT1/cmtt/m/n --> OT1/cmtt/m/n on input line 13.
LaTeX Font Info:    Overwriting symbol font `numbers' in version `bold'
(Font)                  OT1/cmss/m/n --> OT1/cmss/b/n on input line 13.
LaTeX Font Info:    Overwriting symbol font `pureletters' in version `bold'
(Font)                  OT1/cmss/m/it --> OT1/cmss/b/it on input line 13.
LaTeX Font Info:    Overwriting math alphabet `\mathrm' in version `bold'
(Font)                  OT1/cmss/b/n --> OT1/cmr/b/n on input line 13.
LaTeX Font Info:    Overwriting math alphabet `\mathbf' in version `bold'
(Font)                  OT1/cmss/b/n --> OT1/cmss/b/n on input line 13.
LaTeX Font Info:    Overwriting math alphabet `\mathsf' in version `bold'
(Font)                  OT1/cmss/m/n --> OT1/cmss/b/n on input line 13.
LaTeX Font Info:    Overwriting math alphabet `\mathit' in version `bold'
(Font)                  OT1/cmss/m/it --> OT1/cmss/b/it on input line 13.
LaTeX Font Info:    Overwriting math alphabet `\mathtt' in version `bold'
(Font)                  OT1/cmtt/m/n --> OT1/cmtt/b/n on input line 13.
LaTeX Font Info:    Redeclaring symbol font `pureletters' on input line 13.
LaTeX Font Info:    Overwriting symbol font `pureletters' in version `normal'
(Font)                  OT1/cmss/m/it --> OT1/mathkerncmss/m/sl on input line 1
3.
LaTeX Font Info:    Overwriting symbol font `pureletters' in version `bold'
(Font)                  OT1/cmss/b/it --> OT1/mathkerncmss/m/sl on input line 1
3.
LaTeX Font Info:    Overwriting symbol font `pureletters' in version `bold'
(Font)                  OT1/mathkerncmss/m/sl --> OT1/mathkerncmss/bx/sl on inp
ut line 13.

(C:\Users\kaire\AppData\Roaming\MiKTeX\tex/latex/translator\translator-basic-di
ctionary-English.dict
Dictionary: translator-basic-dictionary, Language: English 
)
(C:\Users\kaire\AppData\Roaming\MiKTeX\tex/latex/translator\translator-bibliogr
aphy-dictionary-English.dict
Dictionary: translator-bibliography-dictionary, Language: English 
)
(C:\Users\kaire\AppData\Roaming\MiKTeX\tex/latex/translator\translator-environm
ent-dictionary-English.dict
Dictionary: translator-environment-dictionary, Language: English 
)
(C:\Users\kaire\AppData\Roaming\MiKTeX\tex/latex/translator\translator-months-d
ictionary-English.dict
Dictionary: translator-months-dictionary, Language: English 
)
(C:\Users\kaire\AppData\Roaming\MiKTeX\tex/latex/translator\translator-numbers-
dictionary-English.dict
Dictionary: translator-numbers-dictionary, Language: English 
)
(C:\Users\kaire\AppData\Roaming\MiKTeX\tex/latex/translator\translator-theorem-
dictionary-English.dict
Dictionary: translator-theorem-dictionary, Language: English 
) (Cosystoles and Cheeger Constants of the Simplex.nav)
LaTeX Font Info:    Trying to load font information for OT1+phv on input line 1
3.

(C:\Users\kaire\AppData\Roaming\MiKTeX\tex/latex/psnfss\ot1phv.fd
File: ot1phv.fd 2020/03/25 scalable font definitions for OT1/phv.
)
<./beamertheme_pics/unilogo.pdf, id=33, 1131.22626pt x 198.7425pt>
File: ./beamertheme_pics/unilogo.pdf Graphic file (type pdf)
<use ./beamertheme_pics/unilogo.pdf>
Package pdftex.def Info: ./beamertheme_pics/unilogo.pdf  used on input line 13.

(pdftex.def)             Requested size: 51.21368pt x 9.0pt.
<./beamertheme_pics/alta-logo.pdf, id=35, 99.37125pt x 25.09375pt>
File: ./beamertheme_pics/alta-logo.pdf Graphic file (type pdf)
<use ./beamertheme_pics/alta-logo.pdf>
Package pdftex.def Info: ./beamertheme_pics/alta-logo.pdf  used on input line 1
3.
(pdftex.def)             Requested size: 71.28491pt x 18.0pt.
LaTeX Font Info:    Trying to load font information for U+msa on input line 13.


(C:\Program Files\MiKTeX\tex/latex/amsfonts\umsa.fd
File: umsa.fd 2013/01/14 v3.01 AMS symbols A
)
LaTeX Font Info:    Trying to load font information for U+msb on input line 13.


(C:\Program Files\MiKTeX\tex/latex/amsfonts\umsb.fd
File: umsb.fd 2013/01/14 v3.01 AMS symbols B
)
LaTeX Font Info:    Trying to load font information for OT1+mathkerncmss on inp
ut line 13.

(C:\Users\kaire\AppData\Roaming\MiKTeX\tex/latex/sansmathaccent\ot1mathkerncmss
.fd
File: ot1mathkerncmss.fd 2020/01/31 Fontinst v1.933 font definitions for OT1/ma
thkerncmss.
)

Package hyperref Warning: Option `pdfauthor' has already been used,
(hyperref)                setting the option has no effect on input line 15.

File: ./beamertheme_pics/alta-logo.pdf Graphic file (type pdf)
<use ./beamertheme_pics/alta-logo.pdf>
Package pdftex.def Info: ./beamertheme_pics/alta-logo.pdf  used on input line 1
8.
(pdftex.def)             Requested size: 71.28491pt x 18.0pt.
File: ./beamertheme_pics/unilogo.pdf Graphic file (type pdf)
<use ./beamertheme_pics/unilogo.pdf>
Package pdftex.def Info: ./beamertheme_pics/unilogo.pdf  used on input line 18.

(pdftex.def)             Requested size: 51.21368pt x 9.0pt.
[1

{C:/Users/kaire/AppData/Local/MiKTeX/pdftex/config/pdftex.map} <./beamertheme_p
ics/alta-logo.pdf> <./beamertheme_pics/unilogo.pdf>]
(Cosystoles and Cheeger Constants of the Simplex.toc)
File: ./beamertheme_pics/alta-logo.pdf Graphic file (type pdf)
<use ./beamertheme_pics/alta-logo.pdf>
Package pdftex.def Info: ./beamertheme_pics/alta-logo.pdf  used on input line 2
0.
(pdftex.def)             Requested size: 71.28491pt x 18.0pt.
File: ./beamertheme_pics/unilogo.pdf Graphic file (type pdf)
<use ./beamertheme_pics/unilogo.pdf>
Package pdftex.def Info: ./beamertheme_pics/unilogo.pdf  used on input line 20.

(pdftex.def)             Requested size: 51.21368pt x 9.0pt.
 [2

] (Figure1.tex)
File: ./beamertheme_pics/alta-logo.pdf Graphic file (type pdf)
<use ./beamertheme_pics/alta-logo.pdf>
Package pdftex.def Info: ./beamertheme_pics/alta-logo.pdf  used on input line 3
3.
(pdftex.def)             Requested size: 71.28491pt x 18.0pt.
File: ./beamertheme_pics/unilogo.pdf Graphic file (type pdf)
<use ./beamertheme_pics/unilogo.pdf>
Package pdftex.def Info: ./beamertheme_pics/unilogo.pdf  used on input line 33.

(pdftex.def)             Requested size: 51.21368pt x 9.0pt.

[3

] (Figure1.tex)
File: ./beamertheme_pics/alta-logo.pdf Graphic file (type pdf)
<use ./beamertheme_pics/alta-logo.pdf>
Package pdftex.def Info: ./beamertheme_pics/alta-logo.pdf  used on input line 3
3.
(pdftex.def)             Requested size: 71.28491pt x 18.0pt.
File: ./beamertheme_pics/unilogo.pdf Graphic file (type pdf)
<use ./beamertheme_pics/unilogo.pdf>
Package pdftex.def Info: ./beamertheme_pics/unilogo.pdf  used on input line 33.

(pdftex.def)             Requested size: 51.21368pt x 9.0pt.
 [4

] (Figure1.tex)
File: ./beamertheme_pics/alta-logo.pdf Graphic file (type pdf)
<use ./beamertheme_pics/alta-logo.pdf>
Package pdftex.def Info: ./beamertheme_pics/alta-logo.pdf  used on input line 3
3.
(pdftex.def)             Requested size: 71.28491pt x 18.0pt.
File: ./beamertheme_pics/unilogo.pdf Graphic file (type pdf)
<use ./beamertheme_pics/unilogo.pdf>
Package pdftex.def Info: ./beamertheme_pics/unilogo.pdf  used on input line 33.

(pdftex.def)             Requested size: 51.21368pt x 9.0pt.
 [5

] (Figure1.tex)
File: ./beamertheme_pics/alta-logo.pdf Graphic file (type pdf)
<use ./beamertheme_pics/alta-logo.pdf>
Package pdftex.def Info: ./beamertheme_pics/alta-logo.pdf  used on input line 3
3.
(pdftex.def)             Requested size: 71.28491pt x 18.0pt.
File: ./beamertheme_pics/unilogo.pdf Graphic file (type pdf)
<use ./beamertheme_pics/unilogo.pdf>
Package pdftex.def Info: ./beamertheme_pics/unilogo.pdf  used on input line 33.

(pdftex.def)             Requested size: 51.21368pt x 9.0pt.
 [6

] (Figure1.tex)
File: ./beamertheme_pics/alta-logo.pdf Graphic file (type pdf)
<use ./beamertheme_pics/alta-logo.pdf>
Package pdftex.def Info: ./beamertheme_pics/alta-logo.pdf  used on input line 3
3.
(pdftex.def)             Requested size: 71.28491pt x 18.0pt.
File: ./beamertheme_pics/unilogo.pdf Graphic file (type pdf)
<use ./beamertheme_pics/unilogo.pdf>
Package pdftex.def Info: ./beamertheme_pics/unilogo.pdf  used on input line 33.

(pdftex.def)             Requested size: 51.21368pt x 9.0pt.

[7

] (Figure3.tex)
File: ./beamertheme_pics/alta-logo.pdf Graphic file (type pdf)
<use ./beamertheme_pics/alta-logo.pdf>
Package pdftex.def Info: ./beamertheme_pics/alta-logo.pdf  used on input line 4
9.
(pdftex.def)             Requested size: 71.28491pt x 18.0pt.
File: ./beamertheme_pics/unilogo.pdf Graphic file (type pdf)
<use ./beamertheme_pics/unilogo.pdf>
Package pdftex.def Info: ./beamertheme_pics/unilogo.pdf  used on input line 49.

(pdftex.def)             Requested size: 51.21368pt x 9.0pt.
 [8

] (Figure3.tex)
File: ./beamertheme_pics/alta-logo.pdf Graphic file (type pdf)
<use ./beamertheme_pics/alta-logo.pdf>
Package pdftex.def Info: ./beamertheme_pics/alta-logo.pdf  used on input line 4
9.
(pdftex.def)             Requested size: 71.28491pt x 18.0pt.
File: ./beamertheme_pics/unilogo.pdf Graphic file (type pdf)
<use ./beamertheme_pics/unilogo.pdf>
Package pdftex.def Info: ./beamertheme_pics/unilogo.pdf  used on input line 49.

(pdftex.def)             Requested size: 51.21368pt x 9.0pt.
 [9

] (Figure3.tex)
File: ./beamertheme_pics/alta-logo.pdf Graphic file (type pdf)
<use ./beamertheme_pics/alta-logo.pdf>
Package pdftex.def Info: ./beamertheme_pics/alta-logo.pdf  used on input line 4
9.
(pdftex.def)             Requested size: 71.28491pt x 18.0pt.
File: ./beamertheme_pics/unilogo.pdf Graphic file (type pdf)
<use ./beamertheme_pics/unilogo.pdf>
Package pdftex.def Info: ./beamertheme_pics/unilogo.pdf  used on input line 49.

(pdftex.def)             Requested size: 51.21368pt x 9.0pt.
 [10

]
File: ./beamertheme_pics/alta-logo.pdf Graphic file (type pdf)
<use ./beamertheme_pics/alta-logo.pdf>
Package pdftex.def Info: ./beamertheme_pics/alta-logo.pdf  used on input line 8
1.
(pdftex.def)             Requested size: 71.28491pt x 18.0pt.
File: ./beamertheme_pics/unilogo.pdf Graphic file (type pdf)
<use ./beamertheme_pics/unilogo.pdf>
Package pdftex.def Info: ./beamertheme_pics/unilogo.pdf  used on input line 81.

(pdftex.def)             Requested size: 51.21368pt x 9.0pt.
 [11

]
File: ./beamertheme_pics/alta-logo.pdf Graphic file (type pdf)
<use ./beamertheme_pics/alta-logo.pdf>
Package pdftex.def Info: ./beamertheme_pics/alta-logo.pdf  used on input line 8
1.
(pdftex.def)             Requested size: 71.28491pt x 18.0pt.
File: ./beamertheme_pics/unilogo.pdf Graphic file (type pdf)
<use ./beamertheme_pics/unilogo.pdf>
Package pdftex.def Info: ./beamertheme_pics/unilogo.pdf  used on input line 81.

(pdftex.def)             Requested size: 51.21368pt x 9.0pt.
 [12

]
File: ./beamertheme_pics/alta-logo.pdf Graphic file (type pdf)
<use ./beamertheme_pics/alta-logo.pdf>
Package pdftex.def Info: ./beamertheme_pics/alta-logo.pdf  used on input line 8
1.
(pdftex.def)             Requested size: 71.28491pt x 18.0pt.
File: ./beamertheme_pics/unilogo.pdf Graphic file (type pdf)
<use ./beamertheme_pics/unilogo.pdf>
Package pdftex.def Info: ./beamertheme_pics/unilogo.pdf  used on input line 81.

(pdftex.def)             Requested size: 51.21368pt x 9.0pt.
 [13

]
File: ./beamertheme_pics/alta-logo.pdf Graphic file (type pdf)
<use ./beamertheme_pics/alta-logo.pdf>
Package pdftex.def Info: ./beamertheme_pics/alta-logo.pdf  used on input line 8
1.
(pdftex.def)             Requested size: 71.28491pt x 18.0pt.
File: ./beamertheme_pics/unilogo.pdf Graphic file (type pdf)
<use ./beamertheme_pics/unilogo.pdf>
Package pdftex.def Info: ./beamertheme_pics/unilogo.pdf  used on input line 81.

(pdftex.def)             Requested size: 51.21368pt x 9.0pt.

[14

]
File: ./beamertheme_pics/alta-logo.pdf Graphic file (type pdf)
<use ./beamertheme_pics/alta-logo.pdf>
Package pdftex.def Info: ./beamertheme_pics/alta-logo.pdf  used on input line 8
1.
(pdftex.def)             Requested size: 71.28491pt x 18.0pt.
File: ./beamertheme_pics/unilogo.pdf Graphic file (type pdf)
<use ./beamertheme_pics/unilogo.pdf>
Package pdftex.def Info: ./beamertheme_pics/unilogo.pdf  used on input line 81.

(pdftex.def)             Requested size: 51.21368pt x 9.0pt.
 [15

]
File: ./beamertheme_pics/alta-logo.pdf Graphic file (type pdf)
<use ./beamertheme_pics/alta-logo.pdf>
Package pdftex.def Info: ./beamertheme_pics/alta-logo.pdf  used on input line 8
1.
(pdftex.def)             Requested size: 71.28491pt x 18.0pt.
File: ./beamertheme_pics/unilogo.pdf Graphic file (type pdf)
<use ./beamertheme_pics/unilogo.pdf>
Package pdftex.def Info: ./beamertheme_pics/unilogo.pdf  used on input line 81.

(pdftex.def)             Requested size: 51.21368pt x 9.0pt.
 [16

]
File: ./beamertheme_pics/alta-logo.pdf Graphic file (type pdf)
<use ./beamertheme_pics/alta-logo.pdf>
Package pdftex.def Info: ./beamertheme_pics/alta-logo.pdf  used on input line 8
1.
(pdftex.def)             Requested size: 71.28491pt x 18.0pt.
File: ./beamertheme_pics/unilogo.pdf Graphic file (type pdf)
<use ./beamertheme_pics/unilogo.pdf>
Package pdftex.def Info: ./beamertheme_pics/unilogo.pdf  used on input line 81.

(pdftex.def)             Requested size: 51.21368pt x 9.0pt.
 [17

]
File: ./beamertheme_pics/alta-logo.pdf Graphic file (type pdf)
<use ./beamertheme_pics/alta-logo.pdf>
Package pdftex.def Info: ./beamertheme_pics/alta-logo.pdf  used on input line 1
03.
(pdftex.def)             Requested size: 71.28491pt x 18.0pt.
File: ./beamertheme_pics/unilogo.pdf Graphic file (type pdf)
<use ./beamertheme_pics/unilogo.pdf>
Package pdftex.def Info: ./beamertheme_pics/unilogo.pdf  used on input line 103
.
(pdftex.def)             Requested size: 51.21368pt x 9.0pt.
 [18

]
File: ./beamertheme_pics/alta-logo.pdf Graphic file (type pdf)
<use ./beamertheme_pics/alta-logo.pdf>
Package pdftex.def Info: ./beamertheme_pics/alta-logo.pdf  used on input line 1
03.
(pdftex.def)             Requested size: 71.28491pt x 18.0pt.
File: ./beamertheme_pics/unilogo.pdf Graphic file (type pdf)
<use ./beamertheme_pics/unilogo.pdf>
Package pdftex.def Info: ./beamertheme_pics/unilogo.pdf  used on input line 103
.
(pdftex.def)             Requested size: 51.21368pt x 9.0pt.
 [19

]
File: ./beamertheme_pics/alta-logo.pdf Graphic file (type pdf)
<use ./beamertheme_pics/alta-logo.pdf>
Package pdftex.def Info: ./beamertheme_pics/alta-logo.pdf  used on input line 1
03.
(pdftex.def)             Requested size: 71.28491pt x 18.0pt.
File: ./beamertheme_pics/unilogo.pdf Graphic file (type pdf)
<use ./beamertheme_pics/unilogo.pdf>
Package pdftex.def Info: ./beamertheme_pics/unilogo.pdf  used on input line 103
.
(pdftex.def)             Requested size: 51.21368pt x 9.0pt.
 [20

]
File: ./beamertheme_pics/alta-logo.pdf Graphic file (type pdf)
<use ./beamertheme_pics/alta-logo.pdf>
Package pdftex.def Info: ./beamertheme_pics/alta-logo.pdf  used on input line 1
03.
(pdftex.def)             Requested size: 71.28491pt x 18.0pt.
File: ./beamertheme_pics/unilogo.pdf Graphic file (type pdf)
<use ./beamertheme_pics/unilogo.pdf>
Package pdftex.def Info: ./beamertheme_pics/unilogo.pdf  used on input line 103
.
(pdftex.def)             Requested size: 51.21368pt x 9.0pt.
 [21

]
File: ./beamertheme_pics/alta-logo.pdf Graphic file (type pdf)
<use ./beamertheme_pics/alta-logo.pdf>
Package pdftex.def Info: ./beamertheme_pics/alta-logo.pdf  used on input line 1
03.
(pdftex.def)             Requested size: 71.28491pt x 18.0pt.
File: ./beamertheme_pics/unilogo.pdf Graphic file (type pdf)
<use ./beamertheme_pics/unilogo.pdf>
Package pdftex.def Info: ./beamertheme_pics/unilogo.pdf  used on input line 103
.
(pdftex.def)             Requested size: 51.21368pt x 9.0pt.
 [22

]
File: ./beamertheme_pics/alta-logo.pdf Graphic file (type pdf)
<use ./beamertheme_pics/alta-logo.pdf>
Package pdftex.def Info: ./beamertheme_pics/alta-logo.pdf  used on input line 1
21.
(pdftex.def)             Requested size: 71.28491pt x 18.0pt.
File: ./beamertheme_pics/unilogo.pdf Graphic file (type pdf)
<use ./beamertheme_pics/unilogo.pdf>
Package pdftex.def Info: ./beamertheme_pics/unilogo.pdf  used on input line 121
.
(pdftex.def)             Requested size: 51.21368pt x 9.0pt.
 [23

]
File: ./beamertheme_pics/alta-logo.pdf Graphic file (type pdf)
<use ./beamertheme_pics/alta-logo.pdf>
Package pdftex.def Info: ./beamertheme_pics/alta-logo.pdf  used on input line 1
21.
(pdftex.def)             Requested size: 71.28491pt x 18.0pt.
File: ./beamertheme_pics/unilogo.pdf Graphic file (type pdf)
<use ./beamertheme_pics/unilogo.pdf>
Package pdftex.def Info: ./beamertheme_pics/unilogo.pdf  used on input line 121
.
(pdftex.def)             Requested size: 51.21368pt x 9.0pt.
 [24

]
File: ./beamertheme_pics/alta-logo.pdf Graphic file (type pdf)
<use ./beamertheme_pics/alta-logo.pdf>
Package pdftex.def Info: ./beamertheme_pics/alta-logo.pdf  used on input line 1
21.
(pdftex.def)             Requested size: 71.28491pt x 18.0pt.
File: ./beamertheme_pics/unilogo.pdf Graphic file (type pdf)
<use ./beamertheme_pics/unilogo.pdf>
Package pdftex.def Info: ./beamertheme_pics/unilogo.pdf  used on input line 121
.
(pdftex.def)             Requested size: 51.21368pt x 9.0pt.
 [25

]
File: ./beamertheme_pics/alta-logo.pdf Graphic file (type pdf)
<use ./beamertheme_pics/alta-logo.pdf>
Package pdftex.def Info: ./beamertheme_pics/alta-logo.pdf  used on input line 1
33.
(pdftex.def)             Requested size: 71.28491pt x 18.0pt.
File: ./beamertheme_pics/unilogo.pdf Graphic file (type pdf)
<use ./beamertheme_pics/unilogo.pdf>
Package pdftex.def Info: ./beamertheme_pics/unilogo.pdf  used on input line 133
.
(pdftex.def)             Requested size: 51.21368pt x 9.0pt.
 [26

]
File: ./beamertheme_pics/alta-logo.pdf Graphic file (type pdf)
<use ./beamertheme_pics/alta-logo.pdf>
Package pdftex.def Info: ./beamertheme_pics/alta-logo.pdf  used on input line 1
33.
(pdftex.def)             Requested size: 71.28491pt x 18.0pt.
File: ./beamertheme_pics/unilogo.pdf Graphic file (type pdf)
<use ./beamertheme_pics/unilogo.pdf>
Package pdftex.def Info: ./beamertheme_pics/unilogo.pdf  used on input line 133
.
(pdftex.def)             Requested size: 51.21368pt x 9.0pt.
 [27

]
File: ./beamertheme_pics/alta-logo.pdf Graphic file (type pdf)
<use ./beamertheme_pics/alta-logo.pdf>
Package pdftex.def Info: ./beamertheme_pics/alta-logo.pdf  used on input line 1
33.
(pdftex.def)             Requested size: 71.28491pt x 18.0pt.
File: ./beamertheme_pics/unilogo.pdf Graphic file (type pdf)
<use ./beamertheme_pics/unilogo.pdf>
Package pdftex.def Info: ./beamertheme_pics/unilogo.pdf  used on input line 133
.
(pdftex.def)             Requested size: 51.21368pt x 9.0pt.
 [28

]
File: ./beamertheme_pics/alta-logo.pdf Graphic file (type pdf)
<use ./beamertheme_pics/alta-logo.pdf>
Package pdftex.def Info: ./beamertheme_pics/alta-logo.pdf  used on input line 1
33.
(pdftex.def)             Requested size: 71.28491pt x 18.0pt.
File: ./beamertheme_pics/unilogo.pdf Graphic file (type pdf)
<use ./beamertheme_pics/unilogo.pdf>
Package pdftex.def Info: ./beamertheme_pics/unilogo.pdf  used on input line 133
.
(pdftex.def)             Requested size: 51.21368pt x 9.0pt.

[29

] (Figure2.tex)
File: ./beamertheme_pics/alta-logo.pdf Graphic file (type pdf)
<use ./beamertheme_pics/alta-logo.pdf>
Package pdftex.def Info: ./beamertheme_pics/alta-logo.pdf  used on input line 1
40.
(pdftex.def)             Requested size: 71.28491pt x 18.0pt.
File: ./beamertheme_pics/unilogo.pdf Graphic file (type pdf)
<use ./beamertheme_pics/unilogo.pdf>
Package pdftex.def Info: ./beamertheme_pics/unilogo.pdf  used on input line 140
.
(pdftex.def)             Requested size: 51.21368pt x 9.0pt.
 [30

] (Figure2.tex)
File: ./beamertheme_pics/alta-logo.pdf Graphic file (type pdf)
<use ./beamertheme_pics/alta-logo.pdf>
Package pdftex.def Info: ./beamertheme_pics/alta-logo.pdf  used on input line 1
40.
(pdftex.def)             Requested size: 71.28491pt x 18.0pt.
File: ./beamertheme_pics/unilogo.pdf Graphic file (type pdf)
<use ./beamertheme_pics/unilogo.pdf>
Package pdftex.def Info: ./beamertheme_pics/unilogo.pdf  used on input line 140
.
(pdftex.def)             Requested size: 51.21368pt x 9.0pt.
 [31

] (Figure2.tex)
File: ./beamertheme_pics/alta-logo.pdf Graphic file (type pdf)
<use ./beamertheme_pics/alta-logo.pdf>
Package pdftex.def Info: ./beamertheme_pics/alta-logo.pdf  used on input line 1
40.
(pdftex.def)             Requested size: 71.28491pt x 18.0pt.
File: ./beamertheme_pics/unilogo.pdf Graphic file (type pdf)
<use ./beamertheme_pics/unilogo.pdf>
Package pdftex.def Info: ./beamertheme_pics/unilogo.pdf  used on input line 140
.
(pdftex.def)             Requested size: 51.21368pt x 9.0pt.
 [32

]
File: ./beamertheme_pics/alta-logo.pdf Graphic file (type pdf)
<use ./beamertheme_pics/alta-logo.pdf>
Package pdftex.def Info: ./beamertheme_pics/alta-logo.pdf  used on input line 1
51.
(pdftex.def)             Requested size: 71.28491pt x 18.0pt.
File: ./beamertheme_pics/unilogo.pdf Graphic file (type pdf)
<use ./beamertheme_pics/unilogo.pdf>
Package pdftex.def Info: ./beamertheme_pics/unilogo.pdf  used on input line 151
.
(pdftex.def)             Requested size: 51.21368pt x 9.0pt.
 [33

]
File: ./beamertheme_pics/alta-logo.pdf Graphic file (type pdf)
<use ./beamertheme_pics/alta-logo.pdf>
Package pdftex.def Info: ./beamertheme_pics/alta-logo.pdf  used on input line 1
51.
(pdftex.def)             Requested size: 71.28491pt x 18.0pt.
File: ./beamertheme_pics/unilogo.pdf Graphic file (type pdf)
<use ./beamertheme_pics/unilogo.pdf>
Package pdftex.def Info: ./beamertheme_pics/unilogo.pdf  used on input line 151
.
(pdftex.def)             Requested size: 51.21368pt x 9.0pt.
 [34

]
File: ./beamertheme_pics/alta-logo.pdf Graphic file (type pdf)
<use ./beamertheme_pics/alta-logo.pdf>
Package pdftex.def Info: ./beamertheme_pics/alta-logo.pdf  used on input line 1
60.
(pdftex.def)             Requested size: 71.28491pt x 18.0pt.
File: ./beamertheme_pics/unilogo.pdf Graphic file (type pdf)
<use ./beamertheme_pics/unilogo.pdf>
Package pdftex.def Info: ./beamertheme_pics/unilogo.pdf  used on input line 160
.
(pdftex.def)             Requested size: 51.21368pt x 9.0pt.

[35

]
File: ./beamertheme_pics/alta-logo.pdf Graphic file (type pdf)
<use ./beamertheme_pics/alta-logo.pdf>
Package pdftex.def Info: ./beamertheme_pics/alta-logo.pdf  used on input line 1
60.
(pdftex.def)             Requested size: 71.28491pt x 18.0pt.
File: ./beamertheme_pics/unilogo.pdf Graphic file (type pdf)
<use ./beamertheme_pics/unilogo.pdf>
Package pdftex.def Info: ./beamertheme_pics/unilogo.pdf  used on input line 160
.
(pdftex.def)             Requested size: 51.21368pt x 9.0pt.
 [36

]
File: ./beamertheme_pics/alta-logo.pdf Graphic file (type pdf)
<use ./beamertheme_pics/alta-logo.pdf>
Package pdftex.def Info: ./beamertheme_pics/alta-logo.pdf  used on input line 1
81.
(pdftex.def)             Requested size: 71.28491pt x 18.0pt.
File: ./beamertheme_pics/unilogo.pdf Graphic file (type pdf)
<use ./beamertheme_pics/unilogo.pdf>
Package pdftex.def Info: ./beamertheme_pics/unilogo.pdf  used on input line 181
.
(pdftex.def)             Requested size: 51.21368pt x 9.0pt.
 [37

]
File: ./beamertheme_pics/alta-logo.pdf Graphic file (type pdf)
<use ./beamertheme_pics/alta-logo.pdf>
Package pdftex.def Info: ./beamertheme_pics/alta-logo.pdf  used on input line 1
81.
(pdftex.def)             Requested size: 71.28491pt x 18.0pt.
File: ./beamertheme_pics/unilogo.pdf Graphic file (type pdf)
<use ./beamertheme_pics/unilogo.pdf>
Package pdftex.def Info: ./beamertheme_pics/unilogo.pdf  used on input line 181
.
(pdftex.def)             Requested size: 51.21368pt x 9.0pt.
 [38

]
File: ./beamertheme_pics/alta-logo.pdf Graphic file (type pdf)
<use ./beamertheme_pics/alta-logo.pdf>
Package pdftex.def Info: ./beamertheme_pics/alta-logo.pdf  used on input line 1
81.
(pdftex.def)             Requested size: 71.28491pt x 18.0pt.
File: ./beamertheme_pics/unilogo.pdf Graphic file (type pdf)
<use ./beamertheme_pics/unilogo.pdf>
Package pdftex.def Info: ./beamertheme_pics/unilogo.pdf  used on input line 181
.
(pdftex.def)             Requested size: 51.21368pt x 9.0pt.
 [39

]
File: ./beamertheme_pics/alta-logo.pdf Graphic file (type pdf)
<use ./beamertheme_pics/alta-logo.pdf>
Package pdftex.def Info: ./beamertheme_pics/alta-logo.pdf  used on input line 2
03.
(pdftex.def)             Requested size: 71.28491pt x 18.0pt.
File: ./beamertheme_pics/unilogo.pdf Graphic file (type pdf)
<use ./beamertheme_pics/unilogo.pdf>
Package pdftex.def Info: ./beamertheme_pics/unilogo.pdf  used on input line 203
.
(pdftex.def)             Requested size: 51.21368pt x 9.0pt.
 [40

]
File: ./beamertheme_pics/alta-logo.pdf Graphic file (type pdf)
<use ./beamertheme_pics/alta-logo.pdf>
Package pdftex.def Info: ./beamertheme_pics/alta-logo.pdf  used on input line 2
03.
(pdftex.def)             Requested size: 71.28491pt x 18.0pt.
File: ./beamertheme_pics/unilogo.pdf Graphic file (type pdf)
<use ./beamertheme_pics/unilogo.pdf>
Package pdftex.def Info: ./beamertheme_pics/unilogo.pdf  used on input line 203
.
(pdftex.def)             Requested size: 51.21368pt x 9.0pt.
 [41

]
File: ./beamertheme_pics/alta-logo.pdf Graphic file (type pdf)
<use ./beamertheme_pics/alta-logo.pdf>
Package pdftex.def Info: ./beamertheme_pics/alta-logo.pdf  used on input line 2
03.
(pdftex.def)             Requested size: 71.28491pt x 18.0pt.
File: ./beamertheme_pics/unilogo.pdf Graphic file (type pdf)
<use ./beamertheme_pics/unilogo.pdf>
Package pdftex.def Info: ./beamertheme_pics/unilogo.pdf  used on input line 203
.
(pdftex.def)             Requested size: 51.21368pt x 9.0pt.
 [42

]
File: ./beamertheme_pics/alta-logo.pdf Graphic file (type pdf)
<use ./beamertheme_pics/alta-logo.pdf>
Package pdftex.def Info: ./beamertheme_pics/alta-logo.pdf  used on input line 2
03.
(pdftex.def)             Requested size: 71.28491pt x 18.0pt.
File: ./beamertheme_pics/unilogo.pdf Graphic file (type pdf)
<use ./beamertheme_pics/unilogo.pdf>
Package pdftex.def Info: ./beamertheme_pics/unilogo.pdf  used on input line 203
.
(pdftex.def)             Requested size: 51.21368pt x 9.0pt.
 [43

]
File: ./beamertheme_pics/alta-logo.pdf Graphic file (type pdf)
<use ./beamertheme_pics/alta-logo.pdf>
Package pdftex.def Info: ./beamertheme_pics/alta-logo.pdf  used on input line 2
18.
(pdftex.def)             Requested size: 71.28491pt x 18.0pt.
File: ./beamertheme_pics/unilogo.pdf Graphic file (type pdf)
<use ./beamertheme_pics/unilogo.pdf>
Package pdftex.def Info: ./beamertheme_pics/unilogo.pdf  used on input line 218
.
(pdftex.def)             Requested size: 51.21368pt x 9.0pt.
 [44

]
File: ./beamertheme_pics/alta-logo.pdf Graphic file (type pdf)
<use ./beamertheme_pics/alta-logo.pdf>
Package pdftex.def Info: ./beamertheme_pics/alta-logo.pdf  used on input line 2
18.
(pdftex.def)             Requested size: 71.28491pt x 18.0pt.
File: ./beamertheme_pics/unilogo.pdf Graphic file (type pdf)
<use ./beamertheme_pics/unilogo.pdf>
Package pdftex.def Info: ./beamertheme_pics/unilogo.pdf  used on input line 218
.
(pdftex.def)             Requested size: 51.21368pt x 9.0pt.
 [45

]
File: ./beamertheme_pics/alta-logo.pdf Graphic file (type pdf)
<use ./beamertheme_pics/alta-logo.pdf>
Package pdftex.def Info: ./beamertheme_pics/alta-logo.pdf  used on input line 2
18.
(pdftex.def)             Requested size: 71.28491pt x 18.0pt.
File: ./beamertheme_pics/unilogo.pdf Graphic file (type pdf)
<use ./beamertheme_pics/unilogo.pdf>
Package pdftex.def Info: ./beamertheme_pics/unilogo.pdf  used on input line 218
.
(pdftex.def)             Requested size: 51.21368pt x 9.0pt.
 [46

]
File: ./beamertheme_pics/alta-logo.pdf Graphic file (type pdf)
<use ./beamertheme_pics/alta-logo.pdf>
Package pdftex.def Info: ./beamertheme_pics/alta-logo.pdf  used on input line 2
18.
(pdftex.def)             Requested size: 71.28491pt x 18.0pt.
File: ./beamertheme_pics/unilogo.pdf Graphic file (type pdf)
<use ./beamertheme_pics/unilogo.pdf>
Package pdftex.def Info: ./beamertheme_pics/unilogo.pdf  used on input line 218
.
(pdftex.def)             Requested size: 51.21368pt x 9.0pt.
 [47

]
File: ./beamertheme_pics/alta-logo.pdf Graphic file (type pdf)
<use ./beamertheme_pics/alta-logo.pdf>
Package pdftex.def Info: ./beamertheme_pics/alta-logo.pdf  used on input line 2
32.
(pdftex.def)             Requested size: 71.28491pt x 18.0pt.
File: ./beamertheme_pics/unilogo.pdf Graphic file (type pdf)
<use ./beamertheme_pics/unilogo.pdf>
Package pdftex.def Info: ./beamertheme_pics/unilogo.pdf  used on input line 232
.
(pdftex.def)             Requested size: 51.21368pt x 9.0pt.
 [48

]
File: ./beamertheme_pics/alta-logo.pdf Graphic file (type pdf)
<use ./beamertheme_pics/alta-logo.pdf>
Package pdftex.def Info: ./beamertheme_pics/alta-logo.pdf  used on input line 2
32.
(pdftex.def)             Requested size: 71.28491pt x 18.0pt.
File: ./beamertheme_pics/unilogo.pdf Graphic file (type pdf)
<use ./beamertheme_pics/unilogo.pdf>
Package pdftex.def Info: ./beamertheme_pics/unilogo.pdf  used on input line 232
.
(pdftex.def)             Requested size: 51.21368pt x 9.0pt.
 [49

]
File: ./beamertheme_pics/alta-logo.pdf Graphic file (type pdf)
<use ./beamertheme_pics/alta-logo.pdf>
Package pdftex.def Info: ./beamertheme_pics/alta-logo.pdf  used on input line 2
32.
(pdftex.def)             Requested size: 71.28491pt x 18.0pt.
File: ./beamertheme_pics/unilogo.pdf Graphic file (type pdf)
<use ./beamertheme_pics/unilogo.pdf>
Package pdftex.def Info: ./beamertheme_pics/unilogo.pdf  used on input line 232
.
(pdftex.def)             Requested size: 51.21368pt x 9.0pt.

[50

] (Figure4.tex)
File: ./beamertheme_pics/alta-logo.pdf Graphic file (type pdf)
<use ./beamertheme_pics/alta-logo.pdf>
Package pdftex.def Info: ./beamertheme_pics/alta-logo.pdf  used on input line 2
48.
(pdftex.def)             Requested size: 71.28491pt x 18.0pt.
File: ./beamertheme_pics/unilogo.pdf Graphic file (type pdf)
<use ./beamertheme_pics/unilogo.pdf>
Package pdftex.def Info: ./beamertheme_pics/unilogo.pdf  used on input line 248
.
(pdftex.def)             Requested size: 51.21368pt x 9.0pt.
 [51

] (Figure4.tex)
File: ./beamertheme_pics/alta-logo.pdf Graphic file (type pdf)
<use ./beamertheme_pics/alta-logo.pdf>
Package pdftex.def Info: ./beamertheme_pics/alta-logo.pdf  used on input line 2
48.
(pdftex.def)             Requested size: 71.28491pt x 18.0pt.
File: ./beamertheme_pics/unilogo.pdf Graphic file (type pdf)
<use ./beamertheme_pics/unilogo.pdf>
Package pdftex.def Info: ./beamertheme_pics/unilogo.pdf  used on input line 248
.
(pdftex.def)             Requested size: 51.21368pt x 9.0pt.
 [52

] (Figure4.tex)
File: ./beamertheme_pics/alta-logo.pdf Graphic file (type pdf)
<use ./beamertheme_pics/alta-logo.pdf>
Package pdftex.def Info: ./beamertheme_pics/alta-logo.pdf  used on input line 2
48.
(pdftex.def)             Requested size: 71.28491pt x 18.0pt.
File: ./beamertheme_pics/unilogo.pdf Graphic file (type pdf)
<use ./beamertheme_pics/unilogo.pdf>
Package pdftex.def Info: ./beamertheme_pics/unilogo.pdf  used on input line 248
.
(pdftex.def)             Requested size: 51.21368pt x 9.0pt.
 [53

] (Figure4.tex)
File: ./beamertheme_pics/alta-logo.pdf Graphic file (type pdf)
<use ./beamertheme_pics/alta-logo.pdf>
Package pdftex.def Info: ./beamertheme_pics/alta-logo.pdf  used on input line 2
48.
(pdftex.def)             Requested size: 71.28491pt x 18.0pt.
File: ./beamertheme_pics/unilogo.pdf Graphic file (type pdf)
<use ./beamertheme_pics/unilogo.pdf>
Package pdftex.def Info: ./beamertheme_pics/unilogo.pdf  used on input line 248
.
(pdftex.def)             Requested size: 51.21368pt x 9.0pt.

[54

] (Figure4.tex)
File: ./beamertheme_pics/alta-logo.pdf Graphic file (type pdf)
<use ./beamertheme_pics/alta-logo.pdf>
Package pdftex.def Info: ./beamertheme_pics/alta-logo.pdf  used on input line 2
48.
(pdftex.def)             Requested size: 71.28491pt x 18.0pt.
File: ./beamertheme_pics/unilogo.pdf Graphic file (type pdf)
<use ./beamertheme_pics/unilogo.pdf>
Package pdftex.def Info: ./beamertheme_pics/unilogo.pdf  used on input line 248
.
(pdftex.def)             Requested size: 51.21368pt x 9.0pt.
 [55

] (Figure4.tex)
File: ./beamertheme_pics/alta-logo.pdf Graphic file (type pdf)
<use ./beamertheme_pics/alta-logo.pdf>
Package pdftex.def Info: ./beamertheme_pics/alta-logo.pdf  used on input line 2
48.
(pdftex.def)             Requested size: 71.28491pt x 18.0pt.
File: ./beamertheme_pics/unilogo.pdf Graphic file (type pdf)
<use ./beamertheme_pics/unilogo.pdf>
Package pdftex.def Info: ./beamertheme_pics/unilogo.pdf  used on input line 248
.
(pdftex.def)             Requested size: 51.21368pt x 9.0pt.
 [56

]
LaTeX Font Info:    Trying to load font information for U+euf on input line 279
.

(C:\Program Files\MiKTeX\tex/latex/amsfonts\ueuf.fd
File: ueuf.fd 2013/01/14 v3.01 Euler Fraktur
)
File: ./beamertheme_pics/alta-logo.pdf Graphic file (type pdf)
<use ./beamertheme_pics/alta-logo.pdf>
Package pdftex.def Info: ./beamertheme_pics/alta-logo.pdf  used on input line 2
79.
(pdftex.def)             Requested size: 71.28491pt x 18.0pt.
File: ./beamertheme_pics/unilogo.pdf Graphic file (type pdf)
<use ./beamertheme_pics/unilogo.pdf>
Package pdftex.def Info: ./beamertheme_pics/unilogo.pdf  used on input line 279
.
(pdftex.def)             Requested size: 51.21368pt x 9.0pt.
 [57

]
File: ./beamertheme_pics/alta-logo.pdf Graphic file (type pdf)
<use ./beamertheme_pics/alta-logo.pdf>
Package pdftex.def Info: ./beamertheme_pics/alta-logo.pdf  used on input line 2
79.
(pdftex.def)             Requested size: 71.28491pt x 18.0pt.
File: ./beamertheme_pics/unilogo.pdf Graphic file (type pdf)
<use ./beamertheme_pics/unilogo.pdf>
Package pdftex.def Info: ./beamertheme_pics/unilogo.pdf  used on input line 279
.
(pdftex.def)             Requested size: 51.21368pt x 9.0pt.
 [58

]
File: ./beamertheme_pics/alta-logo.pdf Graphic file (type pdf)
<use ./beamertheme_pics/alta-logo.pdf>
Package pdftex.def Info: ./beamertheme_pics/alta-logo.pdf  used on input line 2
79.
(pdftex.def)             Requested size: 71.28491pt x 18.0pt.
File: ./beamertheme_pics/unilogo.pdf Graphic file (type pdf)
<use ./beamertheme_pics/unilogo.pdf>
Package pdftex.def Info: ./beamertheme_pics/unilogo.pdf  used on input line 279
.
(pdftex.def)             Requested size: 51.21368pt x 9.0pt.
 [59

]
File: ./beamertheme_pics/alta-logo.pdf Graphic file (type pdf)
<use ./beamertheme_pics/alta-logo.pdf>
Package pdftex.def Info: ./beamertheme_pics/alta-logo.pdf  used on input line 2
79.
(pdftex.def)             Requested size: 71.28491pt x 18.0pt.
File: ./beamertheme_pics/unilogo.pdf Graphic file (type pdf)
<use ./beamertheme_pics/unilogo.pdf>
Package pdftex.def Info: ./beamertheme_pics/unilogo.pdf  used on input line 279
.
(pdftex.def)             Requested size: 51.21368pt x 9.0pt.
 [60

]
File: ./beamertheme_pics/alta-logo.pdf Graphic file (type pdf)
<use ./beamertheme_pics/alta-logo.pdf>
Package pdftex.def Info: ./beamertheme_pics/alta-logo.pdf  used on input line 3
03.
(pdftex.def)             Requested size: 71.28491pt x 18.0pt.
File: ./beamertheme_pics/unilogo.pdf Graphic file (type pdf)
<use ./beamertheme_pics/unilogo.pdf>
Package pdftex.def Info: ./beamertheme_pics/unilogo.pdf  used on input line 303
.
(pdftex.def)             Requested size: 51.21368pt x 9.0pt.

[61

]
File: ./beamertheme_pics/alta-logo.pdf Graphic file (type pdf)
<use ./beamertheme_pics/alta-logo.pdf>
Package pdftex.def Info: ./beamertheme_pics/alta-logo.pdf  used on input line 3
03.
(pdftex.def)             Requested size: 71.28491pt x 18.0pt.
File: ./beamertheme_pics/unilogo.pdf Graphic file (type pdf)
<use ./beamertheme_pics/unilogo.pdf>
Package pdftex.def Info: ./beamertheme_pics/unilogo.pdf  used on input line 303
.
(pdftex.def)             Requested size: 51.21368pt x 9.0pt.
 [62

]
File: ./beamertheme_pics/alta-logo.pdf Graphic file (type pdf)
<use ./beamertheme_pics/alta-logo.pdf>
Package pdftex.def Info: ./beamertheme_pics/alta-logo.pdf  used on input line 3
03.
(pdftex.def)             Requested size: 71.28491pt x 18.0pt.
File: ./beamertheme_pics/unilogo.pdf Graphic file (type pdf)
<use ./beamertheme_pics/unilogo.pdf>
Package pdftex.def Info: ./beamertheme_pics/unilogo.pdf  used on input line 303
.
(pdftex.def)             Requested size: 51.21368pt x 9.0pt.
 [63

]
File: ./beamertheme_pics/alta-logo.pdf Graphic file (type pdf)
<use ./beamertheme_pics/alta-logo.pdf>
Package pdftex.def Info: ./beamertheme_pics/alta-logo.pdf  used on input line 3
03.
(pdftex.def)             Requested size: 71.28491pt x 18.0pt.
File: ./beamertheme_pics/unilogo.pdf Graphic file (type pdf)
<use ./beamertheme_pics/unilogo.pdf>
Package pdftex.def Info: ./beamertheme_pics/unilogo.pdf  used on input line 303
.
(pdftex.def)             Requested size: 51.21368pt x 9.0pt.
 [64

]
File: ./beamertheme_pics/alta-logo.pdf Graphic file (type pdf)
<use ./beamertheme_pics/alta-logo.pdf>
Package pdftex.def Info: ./beamertheme_pics/alta-logo.pdf  used on input line 3
27.
(pdftex.def)             Requested size: 71.28491pt x 18.0pt.
File: ./beamertheme_pics/unilogo.pdf Graphic file (type pdf)
<use ./beamertheme_pics/unilogo.pdf>
Package pdftex.def Info: ./beamertheme_pics/unilogo.pdf  used on input line 327
.
(pdftex.def)             Requested size: 51.21368pt x 9.0pt.
 [65

]
File: ./beamertheme_pics/alta-logo.pdf Graphic file (type pdf)
<use ./beamertheme_pics/alta-logo.pdf>
Package pdftex.def Info: ./beamertheme_pics/alta-logo.pdf  used on input line 3
27.
(pdftex.def)             Requested size: 71.28491pt x 18.0pt.
File: ./beamertheme_pics/unilogo.pdf Graphic file (type pdf)
<use ./beamertheme_pics/unilogo.pdf>
Package pdftex.def Info: ./beamertheme_pics/unilogo.pdf  used on input line 327
.
(pdftex.def)             Requested size: 51.21368pt x 9.0pt.
 [66

]
File: ./beamertheme_pics/alta-logo.pdf Graphic file (type pdf)
<use ./beamertheme_pics/alta-logo.pdf>
Package pdftex.def Info: ./beamertheme_pics/alta-logo.pdf  used on input line 3
27.
(pdftex.def)             Requested size: 71.28491pt x 18.0pt.
File: ./beamertheme_pics/unilogo.pdf Graphic file (type pdf)
<use ./beamertheme_pics/unilogo.pdf>
Package pdftex.def Info: ./beamertheme_pics/unilogo.pdf  used on input line 327
.
(pdftex.def)             Requested size: 51.21368pt x 9.0pt.
 [67

]
File: ./beamertheme_pics/alta-logo.pdf Graphic file (type pdf)
<use ./beamertheme_pics/alta-logo.pdf>
Package pdftex.def Info: ./beamertheme_pics/alta-logo.pdf  used on input line 3
27.
(pdftex.def)             Requested size: 71.28491pt x 18.0pt.
File: ./beamertheme_pics/unilogo.pdf Graphic file (type pdf)
<use ./beamertheme_pics/unilogo.pdf>
Package pdftex.def Info: ./beamertheme_pics/unilogo.pdf  used on input line 327
.
(pdftex.def)             Requested size: 51.21368pt x 9.0pt.
 [68

]
File: ./beamertheme_pics/alta-logo.pdf Graphic file (type pdf)
<use ./beamertheme_pics/alta-logo.pdf>
Package pdftex.def Info: ./beamertheme_pics/alta-logo.pdf  used on input line 3
43.
(pdftex.def)             Requested size: 71.28491pt x 18.0pt.
File: ./beamertheme_pics/unilogo.pdf Graphic file (type pdf)
<use ./beamertheme_pics/unilogo.pdf>
Package pdftex.def Info: ./beamertheme_pics/unilogo.pdf  used on input line 343
.
(pdftex.def)             Requested size: 51.21368pt x 9.0pt.
 [69

]
File: ./beamertheme_pics/alta-logo.pdf Graphic file (type pdf)
<use ./beamertheme_pics/alta-logo.pdf>
Package pdftex.def Info: ./beamertheme_pics/alta-logo.pdf  used on input line 3
43.
(pdftex.def)             Requested size: 71.28491pt x 18.0pt.
File: ./beamertheme_pics/unilogo.pdf Graphic file (type pdf)
<use ./beamertheme_pics/unilogo.pdf>
Package pdftex.def Info: ./beamertheme_pics/unilogo.pdf  used on input line 343
.
(pdftex.def)             Requested size: 51.21368pt x 9.0pt.
 [70

]
File: ./beamertheme_pics/alta-logo.pdf Graphic file (type pdf)
<use ./beamertheme_pics/alta-logo.pdf>
Package pdftex.def Info: ./beamertheme_pics/alta-logo.pdf  used on input line 3
43.
(pdftex.def)             Requested size: 71.28491pt x 18.0pt.
File: ./beamertheme_pics/unilogo.pdf Graphic file (type pdf)
<use ./beamertheme_pics/unilogo.pdf>
Package pdftex.def Info: ./beamertheme_pics/unilogo.pdf  used on input line 343
.
(pdftex.def)             Requested size: 51.21368pt x 9.0pt.
 [71

]
File: ./beamertheme_pics/alta-logo.pdf Graphic file (type pdf)
<use ./beamertheme_pics/alta-logo.pdf>
Package pdftex.def Info: ./beamertheme_pics/alta-logo.pdf  used on input line 3
43.
(pdftex.def)             Requested size: 71.28491pt x 18.0pt.
File: ./beamertheme_pics/unilogo.pdf Graphic file (type pdf)
<use ./beamertheme_pics/unilogo.pdf>
Package pdftex.def Info: ./beamertheme_pics/unilogo.pdf  used on input line 343
.
(pdftex.def)             Requested size: 51.21368pt x 9.0pt.
 [72

]
File: ./beamertheme_pics/alta-logo.pdf Graphic file (type pdf)
<use ./beamertheme_pics/alta-logo.pdf>
Package pdftex.def Info: ./beamertheme_pics/alta-logo.pdf  used on input line 3
43.
(pdftex.def)             Requested size: 71.28491pt x 18.0pt.
File: ./beamertheme_pics/unilogo.pdf Graphic file (type pdf)
<use ./beamertheme_pics/unilogo.pdf>
Package pdftex.def Info: ./beamertheme_pics/unilogo.pdf  used on input line 343
.
(pdftex.def)             Requested size: 51.21368pt x 9.0pt.
 [73

]
File: ./beamertheme_pics/alta-logo.pdf Graphic file (type pdf)
<use ./beamertheme_pics/alta-logo.pdf>
Package pdftex.def Info: ./beamertheme_pics/alta-logo.pdf  used on input line 3
51.
(pdftex.def)             Requested size: 71.28491pt x 18.0pt.
File: ./beamertheme_pics/unilogo.pdf Graphic file (type pdf)
<use ./beamertheme_pics/unilogo.pdf>
Package pdftex.def Info: ./beamertheme_pics/unilogo.pdf  used on input line 351
.
(pdftex.def)             Requested size: 51.21368pt x 9.0pt.
 [74

]
File: ./beamertheme_pics/alta-logo.pdf Graphic file (type pdf)
<use ./beamertheme_pics/alta-logo.pdf>
Package pdftex.def Info: ./beamertheme_pics/alta-logo.pdf  used on input line 3
51.
(pdftex.def)             Requested size: 71.28491pt x 18.0pt.
File: ./beamertheme_pics/unilogo.pdf Graphic file (type pdf)
<use ./beamertheme_pics/unilogo.pdf>
Package pdftex.def Info: ./beamertheme_pics/unilogo.pdf  used on input line 351
.
(pdftex.def)             Requested size: 51.21368pt x 9.0pt.
 [75

]
File: ./beamertheme_pics/alta-logo.pdf Graphic file (type pdf)
<use ./beamertheme_pics/alta-logo.pdf>
Package pdftex.def Info: ./beamertheme_pics/alta-logo.pdf  used on input line 3
67.
(pdftex.def)             Requested size: 71.28491pt x 18.0pt.
File: ./beamertheme_pics/unilogo.pdf Graphic file (type pdf)
<use ./beamertheme_pics/unilogo.pdf>
Package pdftex.def Info: ./beamertheme_pics/unilogo.pdf  used on input line 367
.
(pdftex.def)             Requested size: 51.21368pt x 9.0pt.

[76

 <C:/Users/kaire/AppData/Roaming/MiKTeX/tex/latex/beamer/beamericonarticle.pdf>
]
\tf@nav=\write6
\openout6 = `"Cosystoles and Cheeger Constants of the Simplex.nav"'.

\tf@toc=\write7
\openout7 = `"Cosystoles and Cheeger Constants of the Simplex.toc"'.

\tf@snm=\write8
\openout8 = `"Cosystoles and Cheeger Constants of the Simplex.snm"'.

 (Cosystoles and Cheeger Constants of the Simplex.aux)
Package rerunfilecheck Info: File `"Cosystoles and Cheeger Constants of the Sim
plex".out' has not changed.
(rerunfilecheck)             Checksum: 835A09EEE74A161B44BA2C0B8CAF0FFF;1303.
 ) 
Here is how much of TeX's memory you used:
 25143 strings out of 479334
 481341 string characters out of 2866961
 868020 words of memory out of 3000000
 41859 multiletter control sequences out of 15000+200000
 416761 words of font info for 74 fonts, out of 3000000 for 9000
 1141 hyphenation exceptions out of 8191
 131i,19n,132p,512b,782s stack positions out of 5000i,500n,10000p,200000b,50000s
<C:/Program Files/MiKTeX/fonts/type1/public/amsfonts/cmextra/cmex7.pfb><C:/Pr
ogram Files/MiKTeX/fonts/type1/public/amsfonts/cmextra/cmex9.pfb><C:/Program Fi
les/MiKTeX/fonts/type1/public/amsfonts/cm/cmmi6.pfb><C:/Program Files/MiKTeX/fo
nts/type1/public/amsfonts/cm/cmmi7.pfb><C:/Program Files/MiKTeX/fonts/type1/pub
lic/amsfonts/cm/cmmi9.pfb><C:/Program Files/MiKTeX/fonts/type1/public/amsfonts/
cm/cmr6.pfb><C:/Program Files/MiKTeX/fonts/type1/public/amsfonts/cm/cmr7.pfb><C
:/Program Files/MiKTeX/fonts/type1/public/amsfonts/cm/cmr9.pfb><C:/Program File
s/MiKTeX/fonts/type1/public/amsfonts/cm/cmss10.pfb><C:/Program Files/MiKTeX/fon
ts/type1/public/amsfonts/cm/cmss8.pfb><C:/Program Files/MiKTeX/fonts/type1/publ
ic/amsfonts/cm/cmss9.pfb><C:/Program Files/MiKTeX/fonts/type1/public/amsfonts/c
m/cmssbx10.pfb><C:/Program Files/MiKTeX/fonts/type1/public/amsfonts/cm/cmssi10.
pfb><C:/Program Files/MiKTeX/fonts/type1/public/amsfonts/cm/cmssi8.pfb><C:/Prog
ram Files/MiKTeX/fonts/type1/public/amsfonts/cm/cmssi9.pfb><C:/Program Files/Mi
KTeX/fonts/type1/public/amsfonts/cm/cmsy5.pfb><C:/Program Files/MiKTeX/fonts/ty
pe1/public/amsfonts/cm/cmsy6.pfb><C:/Program Files/MiKTeX/fonts/type1/public/am
sfonts/cm/cmsy7.pfb><C:/Program Files/MiKTeX/fonts/type1/public/amsfonts/cm/cms
y9.pfb><C:/Program Files/MiKTeX/fonts/type1/public/amsfonts/euler/eufm10.pfb><C
:/Program Files/MiKTeX/fonts/type1/public/amsfonts/euler/eufm7.pfb><C:/Program 
Files/MiKTeX/fonts/type1/public/amsfonts/symbols/msbm10.pfb>
Output written on "Cosystoles and Cheeger Constants of the Simplex.pdf" (76 pag
es, 500777 bytes).
PDF statistics:
 884 PDF objects out of 1000 (max. 8388607)
 164 named destinations out of 1000 (max. 500000)
 99 words of extra memory for PDF output out of 10000 (max. 10000000)

